#
# There is insufficient memory for the Java Runtime Environment to continue.
# Native memory allocation (malloc) failed to allocate 2209456 bytes for Chunk::new
# Possible reasons:
#   The system is out of physical RAM or swap space
#   The process is running with CompressedOops enabled, and the Java Heap may be blocking the growth of the native heap
# Possible solutions:
#   Reduce memory load on the system
#   Increase physical memory or swap space
#   Check if swap backing store is full
#   Decrease Java heap size (-Xmx/-Xms)
#   Decrease number of Java threads
#   Decrease Java thread stack sizes (-Xss)
#   Set larger code cache with -XX:ReservedCodeCacheSize=
#   JVM is running with Unscaled Compressed Oops mode in which the Java heap is
#     placed in the first 4GB address space. The Java Heap base address is the
#     maximum limit for the native heap growth. Please use -XX:HeapBaseMinAddress
#     to set the Java Heap base and to place the Java Heap above 4GB virtual address.
# This output file may be truncated or incomplete.
#
#  Out of Memory Error (./src/hotspot/share/memory/arena.cpp:197), pid=76268, tid=71496
#
# JRE version: OpenJDK Runtime Environment (11.0.10) (build 11.0.10+0-b96-7249189)
# Java VM: OpenJDK 64-Bit Server VM (11.0.10+0-b96-7249189, mixed mode, tiered, compressed oops, g1 gc, windows-amd64)
# No core dump will be written. Minidumps are not enabled by default on client versions of Windows
#

---------------  S U M M A R Y ------------

Command Line: --add-opens=java.base/java.util=ALL-UNNAMED --add-opens=java.base/java.lang=ALL-UNNAMED --add-opens=java.base/java.lang.invoke=ALL-UNNAMED --add-opens=java.base/java.util=ALL-UNNAMED --add-opens=java.prefs/java.util.prefs=ALL-UNNAMED --add-opens=java.prefs/java.util.prefs=ALL-UNNAMED --add-opens=java.base/java.nio.charset=ALL-UNNAMED --add-opens=java.base/java.net=ALL-UNNAMED --add-opens=java.base/java.util.concurrent.atomic=ALL-UNNAMED -Xmx2048m -Dfile.encoding=UTF-8 -Duser.country=US -Duser.language=en -Duser.variant org.gradle.launcher.daemon.bootstrap.GradleDaemon 7.0.2

Host: Intel(R) Core(TM) i7-8565U CPU @ 1.80GHz, 8 cores, 15G,  Windows 10 , 64 bit Build 18362 (10.0.18362.1110)
Time: Mon Apr  4 22:39:31 2022 Turkey Standard Time elapsed time: 129.185892 seconds (0d 0h 2m 9s)

---------------  T H R E A D  ---------------

Current thread (0x000002a875db9000):  JavaThread "C2 CompilerThread1" daemon [_thread_in_native, id=71496, stack(0x000000c2fbd00000,0x000000c2fbe00000)]


Current CompileTask:
C2: 129186 16563   !   4       java.io.ObjectOutputStream::writeObject0 (619 bytes)

Stack: [0x000000c2fbd00000,0x000000c2fbe00000]
Native frames: (J=compiled Java code, j=interpreted, Vv=VM code, C=native code)
V  [jvm.dll+0x5ecfaa]
V  [jvm.dll+0x722bd5]
V  [jvm.dll+0x72412d]
V  [jvm.dll+0x7247e3]
V  [jvm.dll+0x242928]
V  [jvm.dll+0xbc4fc]
V  [jvm.dll+0xbca0c]
V  [jvm.dll+0x352d7d]
V  [jvm.dll+0x320ad3]
V  [jvm.dll+0x31ffca]
V  [jvm.dll+0x1fb602]
V  [jvm.dll+0x1fa7f4]
V  [jvm.dll+0x18354c]
V  [jvm.dll+0x208ee7]
V  [jvm.dll+0x207731]
V  [jvm.dll+0x6eb1cf]
V  [jvm.dll+0x6e3d45]
V  [jvm.dll+0x5ebe96]
C  [ucrtbase.dll+0x210b2]
C  [KERNEL32.DLL+0x17c24]
C  [ntdll.dll+0x6cea1]


---------------  P R O C E S S  ---------------

Threads class SMR info:
_java_thread_list=0x000002a87158e270, length=74, elements={
0x000002a851c27800, 0x000002a86c901800, 0x000002a86c910800, 0x000002a86c95d800,
0x000002a86c95e800, 0x000002a86c961000, 0x000002a86c965000, 0x000002a86c970800,
0x000002a86c984800, 0x000002a86c982000, 0x000002a86c983000, 0x000002a86c983800,
0x000002a86c985800, 0x000002a86c97f800, 0x000002a86c981000, 0x000002a86f98c800,
0x000002a86f993000, 0x000002a86f98e000, 0x000002a86f992000, 0x000002a86f994800,
0x000002a86f993800, 0x000002a86f998800, 0x000002a86f999800, 0x000002a86f99a000,
0x000002a873d0a000, 0x000002a873d14000, 0x000002a873d10800, 0x000002a873d15000,
0x000002a873d11800, 0x000002a873d12800, 0x000002a873d13000, 0x000002a873d0c800,
0x000002a873d0c000, 0x000002a873d09800, 0x000002a873d0d800, 0x000002a873d0b000,
0x000002a873d08000, 0x000002a873d0e800, 0x000002a873d08800, 0x000002a873d0f000,
0x000002a873d15800, 0x000002a873d16800, 0x000002a86f98d000, 0x000002a86f98f000,
0x000002a86f995800, 0x000002a86f991000, 0x000002a86f98f800, 0x000002a86f996000,
0x000002a86f990800, 0x000002a86f997000, 0x000002a86c986000, 0x000002a86c980800,
0x000002a86d13b800, 0x000002a86d13a000, 0x000002a86d13c800, 0x000002a86d13f800,
0x000002a86d140800, 0x000002a86d13d000, 0x000002a86d13a800, 0x000002a86d141000,
0x000002a86d143800, 0x000002a86d144800, 0x000002a86d143000, 0x000002a86d13e800,
0x000002a875db9000, 0x000002a8760bd800, 0x000002a86d145800, 0x000002a86d146000,
0x000002a86d147800, 0x000002a86d147000, 0x000002a86d142000, 0x000002a86d148800,
0x000002a870eff000, 0x000002a870f00800
}

Java Threads: ( => current thread )
  0x000002a851c27800 JavaThread "main" [_thread_blocked, id=74764, stack(0x000000c2f7000000,0x000000c2f7100000)]
  0x000002a86c901800 JavaThread "Reference Handler" daemon [_thread_blocked, id=69460, stack(0x000000c2f7700000,0x000000c2f7800000)]
  0x000002a86c910800 JavaThread "Finalizer" daemon [_thread_blocked, id=72840, stack(0x000000c2f7800000,0x000000c2f7900000)]
  0x000002a86c95d800 JavaThread "Signal Dispatcher" daemon [_thread_blocked, id=75524, stack(0x000000c2f7900000,0x000000c2f7a00000)]
  0x000002a86c95e800 JavaThread "Attach Listener" daemon [_thread_blocked, id=73796, stack(0x000000c2f7a00000,0x000000c2f7b00000)]
  0x000002a86c961000 JavaThread "Service Thread" daemon [_thread_blocked, id=74600, stack(0x000000c2f7b00000,0x000000c2f7c00000)]
  0x000002a86c965000 JavaThread "C2 CompilerThread0" daemon [_thread_in_native, id=20224, stack(0x000000c2f7c00000,0x000000c2f7d00000)]
  0x000002a86c970800 JavaThread "C1 CompilerThread0" daemon [_thread_blocked, id=75500, stack(0x000000c2f7d00000,0x000000c2f7e00000)]
  0x000002a86c984800 JavaThread "Sweeper thread" daemon [_thread_blocked, id=65684, stack(0x000000c2f7e00000,0x000000c2f7f00000)]
  0x000002a86c982000 JavaThread "Common-Cleaner" daemon [_thread_blocked, id=75700, stack(0x000000c2f7f00000,0x000000c2f8000000)]
  0x000002a86c983000 JavaThread "Daemon health stats" [_thread_blocked, id=61700, stack(0x000000c2f8700000,0x000000c2f8800000)]
  0x000002a86c983800 JavaThread "Incoming local TCP Connector on port 50365" [_thread_in_native, id=73136, stack(0x000000c2f8600000,0x000000c2f8700000)]
  0x000002a86c985800 JavaThread "Daemon periodic checks" [_thread_blocked, id=76396, stack(0x000000c2f8800000,0x000000c2f8900000)]
  0x000002a86c97f800 JavaThread "Daemon" [_thread_blocked, id=75376, stack(0x000000c2f8900000,0x000000c2f8a00000)]
  0x000002a86c981000 JavaThread "Daemon worker" [_thread_blocked, id=70328, stack(0x000000c2f8c00000,0x000000c2f8d00000)]
  0x000002a86f98c800 JavaThread "Cache worker for file hash cache (C:\Users\a84203565\.gradle\caches\7.0.2\fileHashes)" [_thread_blocked, id=51272, stack(0x000000c2f9000000,0x000000c2f9100000)]
  0x000002a86f993000 JavaThread "File lock request listener" [_thread_in_native, id=71904, stack(0x000000c2f9100000,0x000000c2f9200000)]
  0x000002a86f98e000 JavaThread "Cache worker for journal cache (C:\Users\a84203565\.gradle\caches\journal-1)" [_thread_blocked, id=74784, stack(0x000000c2f9500000,0x000000c2f9600000)]
  0x000002a86f992000 JavaThread "File watcher server" daemon [_thread_in_native, id=76324, stack(0x000000c2f9900000,0x000000c2f9a00000)]
  0x000002a86f994800 JavaThread "File watcher consumer" daemon [_thread_blocked, id=63408, stack(0x000000c2f9a00000,0x000000c2f9b00000)]
  0x000002a86f993800 JavaThread "Cache worker for execution history cache (C:\Users\a84203565\.gradle\caches\7.0.2\executionHistory)" [_thread_blocked, id=75912, stack(0x000000c2f9e00000,0x000000c2f9f00000)]
  0x000002a86f998800 JavaThread "jar transforms" [_thread_blocked, id=76140, stack(0x000000c2f9f00000,0x000000c2fa000000)]
  0x000002a86f999800 JavaThread "jar transforms Thread 2" [_thread_blocked, id=76176, stack(0x000000c2fa000000,0x000000c2fa100000)]
  0x000002a86f99a000 JavaThread "Cache worker for file content cache (C:\Users\a84203565\.gradle\caches\7.0.2\fileContent)" [_thread_blocked, id=74828, stack(0x000000c2fa100000,0x000000c2fa200000)]
  0x000002a873d0a000 JavaThread "jar transforms Thread 3" [_thread_blocked, id=30344, stack(0x000000c2fa300000,0x000000c2fa400000)]
  0x000002a873d14000 JavaThread "jar transforms Thread 4" [_thread_blocked, id=50912, stack(0x000000c2fad00000,0x000000c2fae00000)]
  0x000002a873d10800 JavaThread "jar transforms Thread 5" [_thread_blocked, id=69404, stack(0x000000c2fae00000,0x000000c2faf00000)]
  0x000002a873d15000 JavaThread "jar transforms Thread 6" [_thread_blocked, id=21544, stack(0x000000c2faf00000,0x000000c2fb000000)]
  0x000002a873d11800 JavaThread "jar transforms Thread 7" [_thread_blocked, id=74880, stack(0x000000c2fb000000,0x000000c2fb100000)]
  0x000002a873d12800 JavaThread "jar transforms Thread 8" [_thread_blocked, id=73928, stack(0x000000c2fb100000,0x000000c2fb200000)]
  0x000002a873d13000 JavaThread "Memory manager" [_thread_blocked, id=75888, stack(0x000000c2fb200000,0x000000c2fb300000)]
  0x000002a873d0c800 JavaThread "Handler for socket connection from /127.0.0.1:50365 to /127.0.0.1:55236" [_thread_in_native, id=76428, stack(0x000000c2f6d00000,0x000000c2f6e00000)]
  0x000002a873d0c000 JavaThread "Cancel handler" [_thread_blocked, id=77404, stack(0x000000c2f6e00000,0x000000c2f6f00000)]
  0x000002a873d09800 JavaThread "Asynchronous log dispatcher for DefaultDaemonConnection: socket connection from /127.0.0.1:50365 to /127.0.0.1:55236" [_thread_blocked, id=7264, stack(0x000000c2f6f00000,0x000000c2f7000000)]
  0x000002a873d0d800 JavaThread "Stdin handler" [_thread_blocked, id=76684, stack(0x000000c2f8a00000,0x000000c2f8b00000)]
  0x000002a873d0b000 JavaThread "Daemon client event forwarder" [_thread_blocked, id=76832, stack(0x000000c2f8b00000,0x000000c2f8c00000)]
  0x000002a873d08000 JavaThread "Cache worker for file hash cache (C:\Users\a84203565\AndroidStudioProjects\AudioEditorKitCustomDemo\.gradle\7.0.2\fileHashes)" [_thread_blocked, id=77024, stack(0x000000c2f8d00000,0x000000c2f8e00000)]
  0x000002a873d0e800 JavaThread "Cache worker for checksums cache (C:\Users\a84203565\AndroidStudioProjects\AudioEditorKitCustomDemo\.gradle\checksums)" [_thread_blocked, id=77136, stack(0x000000c2f8f00000,0x000000c2f9000000)]
  0x000002a873d08800 JavaThread "Cache worker for cache directory md-supplier (C:\Users\a84203565\.gradle\caches\7.0.2\md-supplier)" [_thread_blocked, id=77548, stack(0x000000c2f9700000,0x000000c2f9800000)]
  0x000002a873d0f000 JavaThread "Cache worker for cache directory md-rule (C:\Users\a84203565\.gradle\caches\7.0.2\md-rule)" [_thread_blocked, id=77556, stack(0x000000c2f9800000,0x000000c2f9900000)]
  0x000002a873d15800 JavaThread "Cache worker for dependencies-accessors (C:\Users\a84203565\AndroidStudioProjects\AudioEditorKitCustomDemo\.gradle\7.0.2\dependencies-accessors)" [_thread_blocked, id=77552, stack(0x000000c2f9b00000,0x000000c2f9c00000)]
  0x000002a873d16800 JavaThread "Cache worker for Build Output Cleanup Cache (C:\Users\a84203565\AndroidStudioProjects\AudioEditorKitCustomDemo\.gradle\buildOutputCleanup)" [_thread_blocked, id=77564, stack(0x000000c2f9c00000,0x000000c2f9d00000)]
  0x000002a86f98d000 JavaThread "Build operations" [_thread_blocked, id=77560, stack(0x000000c2fa200000,0x000000c2fa300000)]
  0x000002a86f98f000 JavaThread "Build operations Thread 2" [_thread_blocked, id=77536, stack(0x000000c2fa400000,0x000000c2fa500000)]
  0x000002a86f995800 JavaThread "Build operations Thread 3" [_thread_blocked, id=66700, stack(0x000000c2fa500000,0x000000c2fa600000)]
  0x000002a86f991000 JavaThread "Build operations Thread 4" [_thread_blocked, id=75704, stack(0x000000c2fa600000,0x000000c2fa700000)]
  0x000002a86f98f800 JavaThread "Build operations Thread 5" [_thread_blocked, id=77384, stack(0x000000c2fa700000,0x000000c2fa800000)]
  0x000002a86f996000 JavaThread "Build operations Thread 6" [_thread_blocked, id=77396, stack(0x000000c2fa800000,0x000000c2fa900000)]
  0x000002a86f990800 JavaThread "Build operations Thread 7" [_thread_blocked, id=77568, stack(0x000000c2fa900000,0x000000c2faa00000)]
  0x000002a86f997000 JavaThread "Build operations Thread 8" [_thread_blocked, id=70756, stack(0x000000c2faa00000,0x000000c2fab00000)]
  0x000002a86c986000 JavaThread "build event listener" [_thread_blocked, id=77424, stack(0x000000c2fab00000,0x000000c2fac00000)]
  0x000002a86c980800 JavaThread "Execution worker for ':'" [_thread_blocked, id=77420, stack(0x000000c2fb400000,0x000000c2fb500000)]
  0x000002a86d13b800 JavaThread "Execution worker for ':' Thread 2" [_thread_blocked, id=77428, stack(0x000000c2fb500000,0x000000c2fb600000)]
  0x000002a86d13a000 JavaThread "Execution worker for ':' Thread 3" [_thread_blocked, id=77440, stack(0x000000c2fb600000,0x000000c2fb700000)]
  0x000002a86d13c800 JavaThread "Execution worker for ':' Thread 4" [_thread_blocked, id=77432, stack(0x000000c2fb700000,0x000000c2fb800000)]
  0x000002a86d13f800 JavaThread "Execution worker for ':' Thread 5" [_thread_blocked, id=77416, stack(0x000000c2fb800000,0x000000c2fb900000)]
  0x000002a86d140800 JavaThread "Execution worker for ':' Thread 6" [_thread_blocked, id=77372, stack(0x000000c2fb900000,0x000000c2fba00000)]
  0x000002a86d13d000 JavaThread "Execution worker for ':' Thread 7" [_thread_blocked, id=77368, stack(0x000000c2fba00000,0x000000c2fbb00000)]
  0x000002a86d13a800 JavaThread "Cache worker for execution history cache (C:\Users\a84203565\AndroidStudioProjects\AudioEditorKitCustomDemo\.gradle\7.0.2\executionHistory)" [_thread_blocked, id=77364, stack(0x000000c2fbb00000,0x000000c2fbc00000)]
  0x000002a86d141000 JavaThread "RMI Scheduler(0)" daemon [_thread_blocked, id=76444, stack(0x000000c2f8e00000,0x000000c2f8f00000)]
  0x000002a86d143800 JavaThread "RMI GC Daemon" daemon [_thread_blocked, id=75804, stack(0x000000c2fbc00000,0x000000c2fbd00000)]
  0x000002a86d144800 JavaThread "RMI TCP Accept-0" daemon [_thread_in_native, id=77300, stack(0x000000c2fbe00000,0x000000c2fbf00000)]
  0x000002a86d143000 JavaThread "RMI Reaper" [_thread_blocked, id=54400, stack(0x000000c2fbf00000,0x000000c2fc000000)]
  0x000002a86d13e800 JavaThread "RMI TCP Connection(1)-127.0.0.1" daemon [_thread_in_native, id=75036, stack(0x000000c2fc100000,0x000000c2fc200000)]
=>0x000002a875db9000 JavaThread "C2 CompilerThread1" daemon [_thread_in_native, id=71496, stack(0x000000c2fbd00000,0x000000c2fbe00000)]
  0x000002a8760bd800 JavaThread "C2 CompilerThread2" daemon [_thread_blocked, id=72228, stack(0x000000c2fc000000,0x000000c2fc100000)]
  0x000002a86d145800 JavaThread "WorkerExecutor Queue" [_thread_blocked, id=75104, stack(0x000000c2fc200000,0x000000c2fc300000)]
  0x000002a86d146000 JavaThread "WorkerExecutor Queue Thread 2" [_thread_blocked, id=77248, stack(0x000000c2fc300000,0x000000c2fc400000)]
  0x000002a86d147800 JavaThread "WorkerExecutor Queue Thread 3" [_thread_blocked, id=77252, stack(0x000000c2fc400000,0x000000c2fc500000)]
  0x000002a86d147000 JavaThread "WorkerExecutor Queue Thread 4" [_thread_blocked, id=69676, stack(0x000000c2fc500000,0x000000c2fc600000)]
  0x000002a86d142000 JavaThread "WorkerExecutor Queue Thread 5" [_thread_blocked, id=59084, stack(0x000000c2fc600000,0x000000c2fc700000)]
  0x000002a86d148800 JavaThread "WorkerExecutor Queue Thread 6" [_thread_in_native, id=75596, stack(0x000000c2fc700000,0x000000c2fc800000)]
  0x000002a870eff000 JavaThread "WorkerExecutor Queue Thread 7" [_thread_blocked, id=75856, stack(0x000000c2fc800000,0x000000c2fc900000)]
  0x000002a870f00800 JavaThread "WorkerExecutor Queue Thread 8" [_thread_blocked, id=67176, stack(0x000000c2fc900000,0x000000c2fca00000)]

Other Threads:
  0x000002a86c8fd800 VMThread "VM Thread" [stack: 0x000000c2f7600000,0x000000c2f7700000] [id=75860]
  0x000002a86cb1c000 WatcherThread [stack: 0x000000c2f8000000,0x000000c2f8100000] [id=28148]
  0x000002a851c40800 GCTaskThread "GC Thread#0" [stack: 0x000000c2f7100000,0x000000c2f7200000] [id=51300]
  0x000002a86d815000 GCTaskThread "GC Thread#1" [stack: 0x000000c2f8100000,0x000000c2f8200000] [id=76700]
  0x000002a86d815800 GCTaskThread "GC Thread#2" [stack: 0x000000c2f8200000,0x000000c2f8300000] [id=76372]
  0x000002a86d6fa000 GCTaskThread "GC Thread#3" [stack: 0x000000c2f8300000,0x000000c2f8400000] [id=63024]
  0x000002a86d6fb000 GCTaskThread "GC Thread#4" [stack: 0x000000c2f8400000,0x000000c2f8500000] [id=54144]
  0x000002a86d7ed800 GCTaskThread "GC Thread#5" [stack: 0x000000c2f8500000,0x000000c2f8600000] [id=69592]
  0x000002a870a29000 GCTaskThread "GC Thread#6" [stack: 0x000000c2f9200000,0x000000c2f9300000] [id=73400]
  0x000002a870b15800 GCTaskThread "GC Thread#7" [stack: 0x000000c2f9300000,0x000000c2f9400000] [id=9192]
  0x000002a851c72800 ConcurrentGCThread "G1 Main Marker" [stack: 0x000000c2f7200000,0x000000c2f7300000] [id=57876]
  0x000002a851c74000 ConcurrentGCThread "G1 Conc#0" [stack: 0x000000c2f7300000,0x000000c2f7400000] [id=75456]
  0x000002a86f4f2800 ConcurrentGCThread "G1 Conc#1" [stack: 0x000000c2f9400000,0x000000c2f9500000] [id=74780]
  0x000002a86bf42800 ConcurrentGCThread "G1 Refine#0" [stack: 0x000000c2f7400000,0x000000c2f7500000] [id=75604]
  0x000002a874005800 ConcurrentGCThread "G1 Refine#1" [stack: 0x000000c2fb300000,0x000000c2fb400000] [id=54760]
  0x000002a86bf44000 ConcurrentGCThread "G1 Young RemSet Sampling" [stack: 0x000000c2f7500000,0x000000c2f7600000] [id=74444]

Threads with active compile tasks:
C2 CompilerThread0 129242 16576 %     4       org.gradle.internal.instantiation.generator.AbstractClassGenerator::inspectType @ 250 (560 bytes)
C2 CompilerThread1 129242 16563   !   4       java.io.ObjectOutputStream::writeObject0 (619 bytes)

VM state:not at safepoint (normal execution)

VM Mutex/Monitor currently owned by a thread: None

Heap address: 0x0000000080000000, size: 2048 MB, Compressed Oops mode: 32-bit
Narrow klass base: 0x0000000000000000, Narrow klass shift: 3
Compressed class space size: 1073741824 Address: 0x0000000100000000

Heap:
 garbage-first heap   total 260096K, used 130380K [0x0000000080000000, 0x0000000100000000)
  region size 1024K, 24 young (24576K), 3 survivors (3072K)
 Metaspace       used 111949K, capacity 115710K, committed 115832K, reserved 1148928K
  class space    used 14620K, capacity 16138K, committed 16248K, reserved 1048576K
Heap Regions: E=young(eden), S=young(survivor), O=old, HS=humongous(starts), HC=humongous(continues), CS=collection set, F=free, A=archive, TAMS=top-at-mark-start (previous, next)
|   0|0x0000000080000000, 0x0000000080100000, 0x0000000080100000|100%| O|  |TAMS 0x0000000080100000, 0x0000000080000000| Untracked 
|   1|0x0000000080100000, 0x0000000080200000, 0x0000000080200000|100%| O|  |TAMS 0x0000000080200000, 0x0000000080100000| Untracked 
|   2|0x0000000080200000, 0x0000000080300000, 0x0000000080300000|100%| O|  |TAMS 0x0000000080300000, 0x0000000080200000| Untracked 
|   3|0x0000000080300000, 0x0000000080400000, 0x0000000080400000|100%|HS|  |TAMS 0x0000000080400000, 0x0000000080300000| Complete 
|   4|0x0000000080400000, 0x0000000080500000, 0x0000000080500000|100%|HC|  |TAMS 0x0000000080500000, 0x0000000080400000| Complete 
|   5|0x0000000080500000, 0x0000000080600000, 0x0000000080600000|100%|HC|  |TAMS 0x0000000080600000, 0x0000000080500000| Complete 
|   6|0x0000000080600000, 0x0000000080700000, 0x0000000080700000|100%| O|  |TAMS 0x0000000080700000, 0x0000000080600000| Untracked 
|   7|0x0000000080700000, 0x0000000080800000, 0x0000000080800000|100%| O|  |TAMS 0x0000000080800000, 0x0000000080700000| Untracked 
|   8|0x0000000080800000, 0x0000000080900000, 0x0000000080900000|100%| O|  |TAMS 0x0000000080900000, 0x0000000080800000| Untracked 
|   9|0x0000000080900000, 0x0000000080a00000, 0x0000000080a00000|100%| O|  |TAMS 0x0000000080a00000, 0x0000000080900000| Untracked 
|  10|0x0000000080a00000, 0x0000000080b00000, 0x0000000080b00000|100%| O|  |TAMS 0x0000000080b00000, 0x0000000080a00000| Untracked 
|  11|0x0000000080b00000, 0x0000000080c00000, 0x0000000080c00000|100%| O|  |TAMS 0x0000000080c00000, 0x0000000080b00000| Untracked 
|  12|0x0000000080c00000, 0x0000000080d00000, 0x0000000080d00000|100%| O|  |TAMS 0x0000000080d00000, 0x0000000080c00000| Untracked 
|  13|0x0000000080d00000, 0x0000000080e00000, 0x0000000080e00000|100%| O|  |TAMS 0x0000000080e00000, 0x0000000080d00000| Untracked 
|  14|0x0000000080e00000, 0x0000000080f00000, 0x0000000080f00000|100%| O|  |TAMS 0x0000000080f00000, 0x0000000080e00000| Untracked 
|  15|0x0000000080f00000, 0x0000000081000000, 0x0000000081000000|100%| O|  |TAMS 0x0000000081000000, 0x0000000080f00000| Untracked 
|  16|0x0000000081000000, 0x0000000081100000, 0x0000000081100000|100%|HS|  |TAMS 0x0000000081100000, 0x0000000081000000| Complete 
|  17|0x0000000081100000, 0x0000000081200000, 0x0000000081200000|100%|HS|  |TAMS 0x0000000081200000, 0x0000000081100000| Complete 
|  18|0x0000000081200000, 0x0000000081300000, 0x0000000081300000|100%|HS|  |TAMS 0x0000000081300000, 0x0000000081200000| Complete 
|  19|0x0000000081300000, 0x0000000081400000, 0x0000000081400000|100%|HS|  |TAMS 0x0000000081400000, 0x0000000081300000| Complete 
|  20|0x0000000081400000, 0x0000000081500000, 0x0000000081500000|100%|HC|  |TAMS 0x0000000081500000, 0x0000000081400000| Complete 
|  21|0x0000000081500000, 0x0000000081600000, 0x0000000081600000|100%|HC|  |TAMS 0x0000000081600000, 0x0000000081500000| Complete 
|  22|0x0000000081600000, 0x0000000081700000, 0x0000000081700000|100%|HS|  |TAMS 0x0000000081700000, 0x0000000081600000| Complete 
|  23|0x0000000081700000, 0x0000000081800000, 0x0000000081800000|100%|HC|  |TAMS 0x0000000081800000, 0x0000000081700000| Complete 
|  24|0x0000000081800000, 0x0000000081900000, 0x0000000081900000|100%| O|  |TAMS 0x0000000081900000, 0x0000000081800000| Untracked 
|  25|0x0000000081900000, 0x0000000081a00000, 0x0000000081a00000|100%| O|  |TAMS 0x0000000081a00000, 0x0000000081900000| Untracked 
|  26|0x0000000081a00000, 0x0000000081b00000, 0x0000000081b00000|100%| O|  |TAMS 0x0000000081b00000, 0x0000000081a00000| Untracked 
|  27|0x0000000081b00000, 0x0000000081c00000, 0x0000000081c00000|100%| O|  |TAMS 0x0000000081c00000, 0x0000000081b00000| Untracked 
|  28|0x0000000081c00000, 0x0000000081d00000, 0x0000000081d00000|100%| O|  |TAMS 0x0000000081d00000, 0x0000000081c00000| Untracked 
|  29|0x0000000081d00000, 0x0000000081e00000, 0x0000000081e00000|100%| O|  |TAMS 0x0000000081e00000, 0x0000000081d00000| Untracked 
|  30|0x0000000081e00000, 0x0000000081f00000, 0x0000000081f00000|100%| O|  |TAMS 0x0000000081f00000, 0x0000000081e00000| Untracked 
|  31|0x0000000081f00000, 0x0000000082000000, 0x0000000082000000|100%| O|  |TAMS 0x0000000082000000, 0x0000000081f00000| Untracked 
|  32|0x0000000082000000, 0x0000000082100000, 0x0000000082100000|100%| O|  |TAMS 0x0000000082100000, 0x0000000082000000| Untracked 
|  33|0x0000000082100000, 0x0000000082200000, 0x0000000082200000|100%| O|  |TAMS 0x0000000082200000, 0x0000000082100000| Untracked 
|  34|0x0000000082200000, 0x0000000082300000, 0x0000000082300000|100%| O|  |TAMS 0x0000000082300000, 0x0000000082200000| Untracked 
|  35|0x0000000082300000, 0x0000000082400000, 0x0000000082400000|100%| O|  |TAMS 0x0000000082400000, 0x0000000082300000| Untracked 
|  36|0x0000000082400000, 0x0000000082500000, 0x0000000082500000|100%| O|  |TAMS 0x0000000082500000, 0x0000000082400000| Untracked 
|  37|0x0000000082500000, 0x0000000082600000, 0x0000000082600000|100%| O|  |TAMS 0x0000000082600000, 0x0000000082500000| Untracked 
|  38|0x0000000082600000, 0x0000000082700000, 0x0000000082700000|100%| O|  |TAMS 0x0000000082700000, 0x0000000082600000| Untracked 
|  39|0x0000000082700000, 0x0000000082800000, 0x0000000082800000|100%| O|  |TAMS 0x0000000082800000, 0x0000000082700000| Untracked 
|  40|0x0000000082800000, 0x0000000082900000, 0x0000000082900000|100%| O|  |TAMS 0x0000000082900000, 0x0000000082800000| Untracked 
|  41|0x0000000082900000, 0x0000000082a00000, 0x0000000082a00000|100%| O|  |TAMS 0x0000000082a00000, 0x0000000082900000| Untracked 
|  42|0x0000000082a00000, 0x0000000082b00000, 0x0000000082b00000|100%| O|  |TAMS 0x0000000082b00000, 0x0000000082a00000| Untracked 
|  43|0x0000000082b00000, 0x0000000082c00000, 0x0000000082c00000|100%| O|  |TAMS 0x0000000082c00000, 0x0000000082b00000| Untracked 
|  44|0x0000000082c00000, 0x0000000082d00000, 0x0000000082d00000|100%| O|  |TAMS 0x0000000082d00000, 0x0000000082c00000| Untracked 
|  45|0x0000000082d00000, 0x0000000082e00000, 0x0000000082e00000|100%| O|  |TAMS 0x0000000082e00000, 0x0000000082d00000| Untracked 
|  46|0x0000000082e00000, 0x0000000082f00000, 0x0000000082f00000|100%| O|  |TAMS 0x0000000082f00000, 0x0000000082e00000| Untracked 
|  47|0x0000000082f00000, 0x0000000083000000, 0x0000000083000000|100%| O|  |TAMS 0x0000000083000000, 0x0000000082f00000| Untracked 
|  48|0x0000000083000000, 0x0000000083100000, 0x0000000083100000|100%| O|  |TAMS 0x0000000083100000, 0x0000000083000000| Untracked 
|  49|0x0000000083100000, 0x0000000083200000, 0x0000000083200000|100%| O|  |TAMS 0x0000000083200000, 0x0000000083100000| Untracked 
|  50|0x0000000083200000, 0x0000000083300000, 0x0000000083300000|100%| O|  |TAMS 0x0000000083300000, 0x0000000083200000| Untracked 
|  51|0x0000000083300000, 0x0000000083400000, 0x0000000083400000|100%| O|  |TAMS 0x0000000083400000, 0x0000000083300000| Untracked 
|  52|0x0000000083400000, 0x0000000083500000, 0x0000000083500000|100%| O|  |TAMS 0x0000000083500000, 0x0000000083400000| Untracked 
|  53|0x0000000083500000, 0x0000000083600000, 0x0000000083600000|100%| O|  |TAMS 0x0000000083600000, 0x0000000083500000| Untracked 
|  54|0x0000000083600000, 0x0000000083700000, 0x0000000083700000|100%| O|  |TAMS 0x0000000083700000, 0x0000000083600000| Untracked 
|  55|0x0000000083700000, 0x0000000083800000, 0x0000000083800000|100%| O|  |TAMS 0x0000000083800000, 0x0000000083700000| Untracked 
|  56|0x0000000083800000, 0x0000000083900000, 0x0000000083900000|100%| O|  |TAMS 0x0000000083900000, 0x0000000083800000| Untracked 
|  57|0x0000000083900000, 0x0000000083a00000, 0x0000000083a00000|100%| O|  |TAMS 0x0000000083a00000, 0x0000000083900000| Untracked 
|  58|0x0000000083a00000, 0x0000000083b00000, 0x0000000083b00000|100%| O|  |TAMS 0x0000000083b00000, 0x0000000083a00000| Untracked 
|  59|0x0000000083b00000, 0x0000000083c00000, 0x0000000083c00000|100%| O|  |TAMS 0x0000000083c00000, 0x0000000083b00000| Untracked 
|  60|0x0000000083c00000, 0x0000000083d00000, 0x0000000083d00000|100%| O|  |TAMS 0x0000000083d00000, 0x0000000083c00000| Untracked 
|  61|0x0000000083d00000, 0x0000000083e00000, 0x0000000083e00000|100%| O|  |TAMS 0x0000000083e00000, 0x0000000083d00000| Untracked 
|  62|0x0000000083e00000, 0x0000000083f00000, 0x0000000083f00000|100%| O|  |TAMS 0x0000000083f00000, 0x0000000083e00000| Untracked 
|  63|0x0000000083f00000, 0x0000000084000000, 0x0000000084000000|100%| O|  |TAMS 0x0000000084000000, 0x0000000083f00000| Untracked 
|  64|0x0000000084000000, 0x0000000084100000, 0x0000000084100000|100%| O|  |TAMS 0x0000000084100000, 0x0000000084000000| Untracked 
|  65|0x0000000084100000, 0x0000000084200000, 0x0000000084200000|100%| O|  |TAMS 0x0000000084200000, 0x0000000084100000| Untracked 
|  66|0x0000000084200000, 0x0000000084300000, 0x0000000084300000|100%| O|  |TAMS 0x0000000084300000, 0x0000000084200000| Untracked 
|  67|0x0000000084300000, 0x0000000084400000, 0x0000000084400000|100%| O|  |TAMS 0x0000000084400000, 0x0000000084300000| Untracked 
|  68|0x0000000084400000, 0x0000000084500000, 0x0000000084500000|100%| O|  |TAMS 0x0000000084500000, 0x0000000084400000| Untracked 
|  69|0x0000000084500000, 0x0000000084600000, 0x0000000084600000|100%| O|  |TAMS 0x0000000084600000, 0x0000000084500000| Untracked 
|  70|0x0000000084600000, 0x0000000084700000, 0x0000000084700000|100%| O|  |TAMS 0x0000000084700000, 0x0000000084600000| Untracked 
|  71|0x0000000084700000, 0x0000000084800000, 0x0000000084800000|100%| O|  |TAMS 0x0000000084800000, 0x0000000084700000| Untracked 
|  72|0x0000000084800000, 0x0000000084900000, 0x0000000084900000|100%| O|  |TAMS 0x0000000084900000, 0x0000000084800000| Untracked 
|  73|0x0000000084900000, 0x0000000084a00000, 0x0000000084a00000|100%| O|  |TAMS 0x0000000084a00000, 0x0000000084900000| Untracked 
|  74|0x0000000084a00000, 0x0000000084b00000, 0x0000000084b00000|100%| O|  |TAMS 0x0000000084b00000, 0x0000000084a00000| Untracked 
|  75|0x0000000084b00000, 0x0000000084c00000, 0x0000000084c00000|100%| O|  |TAMS 0x0000000084c00000, 0x0000000084b00000| Untracked 
|  76|0x0000000084c00000, 0x0000000084d00000, 0x0000000084d00000|100%| O|  |TAMS 0x0000000084d00000, 0x0000000084c00000| Untracked 
|  77|0x0000000084d00000, 0x0000000084e00000, 0x0000000084e00000|100%| O|  |TAMS 0x0000000084e00000, 0x0000000084d00000| Untracked 
|  78|0x0000000084e00000, 0x0000000084f00000, 0x0000000084f00000|100%| O|  |TAMS 0x0000000084f00000, 0x0000000084e00000| Untracked 
|  79|0x0000000084f00000, 0x0000000085000000, 0x0000000085000000|100%| O|  |TAMS 0x0000000085000000, 0x0000000084f00000| Untracked 
|  80|0x0000000085000000, 0x0000000085100000, 0x0000000085100000|100%| O|  |TAMS 0x0000000085100000, 0x0000000085000000| Untracked 
|  81|0x0000000085100000, 0x0000000085200000, 0x0000000085200000|100%| O|  |TAMS 0x0000000085200000, 0x0000000085100000| Untracked 
|  82|0x0000000085200000, 0x0000000085300000, 0x0000000085300000|100%| O|  |TAMS 0x0000000085300000, 0x0000000085200000| Untracked 
|  83|0x0000000085300000, 0x0000000085400000, 0x0000000085400000|100%| O|  |TAMS 0x0000000085400000, 0x0000000085300000| Untracked 
|  84|0x0000000085400000, 0x0000000085500000, 0x0000000085500000|100%| O|  |TAMS 0x0000000085500000, 0x0000000085400000| Untracked 
|  85|0x0000000085500000, 0x0000000085600000, 0x0000000085600000|100%| O|  |TAMS 0x0000000085600000, 0x0000000085500000| Untracked 
|  86|0x0000000085600000, 0x0000000085700000, 0x0000000085700000|100%| O|  |TAMS 0x0000000085700000, 0x0000000085600000| Untracked 
|  87|0x0000000085700000, 0x0000000085800000, 0x0000000085800000|100%| O|  |TAMS 0x0000000085800000, 0x0000000085700000| Untracked 
|  88|0x0000000085800000, 0x0000000085900000, 0x0000000085900000|100%| O|  |TAMS 0x0000000085900000, 0x0000000085800000| Untracked 
|  89|0x0000000085900000, 0x0000000085a00000, 0x0000000085a00000|100%| O|  |TAMS 0x0000000085a00000, 0x0000000085900000| Untracked 
|  90|0x0000000085a00000, 0x0000000085b00000, 0x0000000085b00000|100%| O|  |TAMS 0x0000000085b00000, 0x0000000085a00000| Untracked 
|  91|0x0000000085b00000, 0x0000000085c00000, 0x0000000085c00000|100%| O|  |TAMS 0x0000000085c00000, 0x0000000085b00000| Untracked 
|  92|0x0000000085c00000, 0x0000000085d00000, 0x0000000085d00000|100%| O|  |TAMS 0x0000000085d00000, 0x0000000085c00000| Untracked 
|  93|0x0000000085d00000, 0x0000000085e00000, 0x0000000085e00000|100%| O|  |TAMS 0x0000000085e00000, 0x0000000085d00000| Untracked 
|  94|0x0000000085e00000, 0x0000000085f00000, 0x0000000085f00000|100%| O|  |TAMS 0x0000000085f00000, 0x0000000085e00000| Untracked 
|  95|0x0000000085f00000, 0x0000000086000000, 0x0000000086000000|100%| O|  |TAMS 0x0000000086000000, 0x0000000085f00000| Untracked 
|  96|0x0000000086000000, 0x0000000086100000, 0x0000000086100000|100%| O|  |TAMS 0x0000000086100000, 0x0000000086000000| Untracked 
|  97|0x0000000086100000, 0x0000000086200000, 0x0000000086200000|100%| O|  |TAMS 0x0000000086200000, 0x0000000086100000| Untracked 
|  98|0x0000000086200000, 0x0000000086300000, 0x0000000086300000|100%| O|  |TAMS 0x0000000086300000, 0x0000000086200000| Untracked 
|  99|0x0000000086300000, 0x0000000086400000, 0x0000000086400000|100%| O|  |TAMS 0x0000000086400000, 0x0000000086300000| Untracked 
| 100|0x0000000086400000, 0x0000000086500000, 0x0000000086500000|100%| O|  |TAMS 0x0000000086500000, 0x0000000086400000| Untracked 
| 101|0x0000000086500000, 0x0000000086600000, 0x0000000086600000|100%| O|  |TAMS 0x0000000086600000, 0x0000000086500000| Untracked 
| 102|0x0000000086600000, 0x0000000086700000, 0x0000000086700000|100%| O|  |TAMS 0x0000000086700000, 0x0000000086600000| Untracked 
| 103|0x0000000086700000, 0x0000000086800000, 0x0000000086800000|100%| O|  |TAMS 0x0000000086800000, 0x0000000086700000| Untracked 
| 104|0x0000000086800000, 0x0000000086900000, 0x0000000086900000|100%| O|  |TAMS 0x0000000086900000, 0x0000000086800000| Untracked 
| 105|0x0000000086900000, 0x00000000869b0600, 0x0000000086a00000| 68%| O|  |TAMS 0x00000000869b0600, 0x0000000086900000| Untracked 
| 106|0x0000000086a00000, 0x0000000086a00000, 0x0000000086b00000|  0%| F|  |TAMS 0x0000000086a00000, 0x0000000086a00000| Untracked 
| 107|0x0000000086b00000, 0x0000000086b00000, 0x0000000086c00000|  0%| F|  |TAMS 0x0000000086b00000, 0x0000000086b00000| Untracked 
| 108|0x0000000086c00000, 0x0000000086c00000, 0x0000000086d00000|  0%| F|  |TAMS 0x0000000086c00000, 0x0000000086c00000| Untracked 
| 109|0x0000000086d00000, 0x0000000086d00000, 0x0000000086e00000|  0%| F|  |TAMS 0x0000000086d00000, 0x0000000086d00000| Untracked 
| 110|0x0000000086e00000, 0x0000000086e00000, 0x0000000086f00000|  0%| F|  |TAMS 0x0000000086e00000, 0x0000000086e00000| Untracked 
| 111|0x0000000086f00000, 0x0000000086f00000, 0x0000000087000000|  0%| F|  |TAMS 0x0000000086f00000, 0x0000000086f00000| Untracked 
| 112|0x0000000087000000, 0x0000000087000000, 0x0000000087100000|  0%| F|  |TAMS 0x0000000087000000, 0x0000000087000000| Untracked 
| 113|0x0000000087100000, 0x0000000087100000, 0x0000000087200000|  0%| F|  |TAMS 0x0000000087100000, 0x0000000087100000| Untracked 
| 114|0x0000000087200000, 0x0000000087200000, 0x0000000087300000|  0%| F|  |TAMS 0x0000000087200000, 0x0000000087200000| Untracked 
| 115|0x0000000087300000, 0x0000000087300000, 0x0000000087400000|  0%| F|  |TAMS 0x0000000087300000, 0x0000000087300000| Untracked 
| 116|0x0000000087400000, 0x0000000087400000, 0x0000000087500000|  0%| F|  |TAMS 0x0000000087400000, 0x0000000087400000| Untracked 
| 117|0x0000000087500000, 0x0000000087500000, 0x0000000087600000|  0%| F|  |TAMS 0x0000000087500000, 0x0000000087500000| Untracked 
| 118|0x0000000087600000, 0x0000000087600000, 0x0000000087700000|  0%| F|  |TAMS 0x0000000087600000, 0x0000000087600000| Untracked 
| 119|0x0000000087700000, 0x0000000087700000, 0x0000000087800000|  0%| F|  |TAMS 0x0000000087700000, 0x0000000087700000| Untracked 
| 120|0x0000000087800000, 0x0000000087800000, 0x0000000087900000|  0%| F|  |TAMS 0x0000000087800000, 0x0000000087800000| Untracked 
| 121|0x0000000087900000, 0x0000000087900000, 0x0000000087a00000|  0%| F|  |TAMS 0x0000000087900000, 0x0000000087900000| Untracked 
| 122|0x0000000087a00000, 0x0000000087a00000, 0x0000000087b00000|  0%| F|  |TAMS 0x0000000087a00000, 0x0000000087a00000| Untracked 
| 123|0x0000000087b00000, 0x0000000087b00000, 0x0000000087c00000|  0%| F|  |TAMS 0x0000000087b00000, 0x0000000087b00000| Untracked 
| 124|0x0000000087c00000, 0x0000000087c00000, 0x0000000087d00000|  0%| F|  |TAMS 0x0000000087c00000, 0x0000000087c00000| Untracked 
| 125|0x0000000087d00000, 0x0000000087d00000, 0x0000000087e00000|  0%| F|  |TAMS 0x0000000087d00000, 0x0000000087d00000| Untracked 
| 126|0x0000000087e00000, 0x0000000087e00000, 0x0000000087f00000|  0%| F|  |TAMS 0x0000000087e00000, 0x0000000087e00000| Untracked 
| 127|0x0000000087f00000, 0x0000000087f00000, 0x0000000088000000|  0%| F|  |TAMS 0x0000000087f00000, 0x0000000087f00000| Untracked 
| 128|0x0000000088000000, 0x0000000088000000, 0x0000000088100000|  0%| F|  |TAMS 0x0000000088000000, 0x0000000088000000| Untracked 
| 129|0x0000000088100000, 0x0000000088100000, 0x0000000088200000|  0%| F|  |TAMS 0x0000000088100000, 0x0000000088100000| Untracked 
| 130|0x0000000088200000, 0x0000000088200000, 0x0000000088300000|  0%| F|  |TAMS 0x0000000088200000, 0x0000000088200000| Untracked 
| 131|0x0000000088300000, 0x0000000088300000, 0x0000000088400000|  0%| F|  |TAMS 0x0000000088300000, 0x0000000088300000| Untracked 
| 132|0x0000000088400000, 0x0000000088400000, 0x0000000088500000|  0%| F|  |TAMS 0x0000000088400000, 0x0000000088400000| Untracked 
| 133|0x0000000088500000, 0x0000000088500000, 0x0000000088600000|  0%| F|  |TAMS 0x0000000088500000, 0x0000000088500000| Untracked 
| 134|0x0000000088600000, 0x0000000088600000, 0x0000000088700000|  0%| F|  |TAMS 0x0000000088600000, 0x0000000088600000| Untracked 
| 135|0x0000000088700000, 0x0000000088700000, 0x0000000088800000|  0%| F|  |TAMS 0x0000000088700000, 0x0000000088700000| Untracked 
| 136|0x0000000088800000, 0x0000000088800000, 0x0000000088900000|  0%| F|  |TAMS 0x0000000088800000, 0x0000000088800000| Untracked 
| 137|0x0000000088900000, 0x0000000088900000, 0x0000000088a00000|  0%| F|  |TAMS 0x0000000088900000, 0x0000000088900000| Untracked 
| 138|0x0000000088a00000, 0x0000000088a00000, 0x0000000088b00000|  0%| F|  |TAMS 0x0000000088a00000, 0x0000000088a00000| Untracked 
| 139|0x0000000088b00000, 0x0000000088b00000, 0x0000000088c00000|  0%| F|  |TAMS 0x0000000088b00000, 0x0000000088b00000| Untracked 
| 140|0x0000000088c00000, 0x0000000088c00000, 0x0000000088d00000|  0%| F|  |TAMS 0x0000000088c00000, 0x0000000088c00000| Untracked 
| 141|0x0000000088d00000, 0x0000000088d00000, 0x0000000088e00000|  0%| F|  |TAMS 0x0000000088d00000, 0x0000000088d00000| Untracked 
| 142|0x0000000088e00000, 0x0000000088e00000, 0x0000000088f00000|  0%| F|  |TAMS 0x0000000088e00000, 0x0000000088e00000| Untracked 
| 143|0x0000000088f00000, 0x0000000088f00000, 0x0000000089000000|  0%| F|  |TAMS 0x0000000088f00000, 0x0000000088f00000| Untracked 
| 144|0x0000000089000000, 0x0000000089000000, 0x0000000089100000|  0%| F|  |TAMS 0x0000000089000000, 0x0000000089000000| Untracked 
| 145|0x0000000089100000, 0x0000000089100000, 0x0000000089200000|  0%| F|  |TAMS 0x0000000089100000, 0x0000000089100000| Untracked 
| 146|0x0000000089200000, 0x0000000089200000, 0x0000000089300000|  0%| F|  |TAMS 0x0000000089200000, 0x0000000089200000| Untracked 
| 147|0x0000000089300000, 0x0000000089300000, 0x0000000089400000|  0%| F|  |TAMS 0x0000000089300000, 0x0000000089300000| Untracked 
| 148|0x0000000089400000, 0x0000000089400000, 0x0000000089500000|  0%| F|  |TAMS 0x0000000089400000, 0x0000000089400000| Untracked 
| 149|0x0000000089500000, 0x0000000089500000, 0x0000000089600000|  0%| F|  |TAMS 0x0000000089500000, 0x0000000089500000| Untracked 
| 150|0x0000000089600000, 0x0000000089600000, 0x0000000089700000|  0%| F|  |TAMS 0x0000000089600000, 0x0000000089600000| Untracked 
| 151|0x0000000089700000, 0x0000000089700000, 0x0000000089800000|  0%| F|  |TAMS 0x0000000089700000, 0x0000000089700000| Untracked 
| 152|0x0000000089800000, 0x0000000089800000, 0x0000000089900000|  0%| F|  |TAMS 0x0000000089800000, 0x0000000089800000| Untracked 
| 153|0x0000000089900000, 0x0000000089900000, 0x0000000089a00000|  0%| F|  |TAMS 0x0000000089900000, 0x0000000089900000| Untracked 
| 154|0x0000000089a00000, 0x0000000089a00000, 0x0000000089b00000|  0%| F|  |TAMS 0x0000000089a00000, 0x0000000089a00000| Untracked 
| 155|0x0000000089b00000, 0x0000000089b00000, 0x0000000089c00000|  0%| F|  |TAMS 0x0000000089b00000, 0x0000000089b00000| Untracked 
| 156|0x0000000089c00000, 0x0000000089c00000, 0x0000000089d00000|  0%| F|  |TAMS 0x0000000089c00000, 0x0000000089c00000| Untracked 
| 157|0x0000000089d00000, 0x0000000089d00000, 0x0000000089e00000|  0%| F|  |TAMS 0x0000000089d00000, 0x0000000089d00000| Untracked 
| 158|0x0000000089e00000, 0x0000000089e00000, 0x0000000089f00000|  0%| F|  |TAMS 0x0000000089e00000, 0x0000000089e00000| Untracked 
| 159|0x0000000089f00000, 0x0000000089f00000, 0x000000008a000000|  0%| F|  |TAMS 0x0000000089f00000, 0x0000000089f00000| Untracked 
| 160|0x000000008a000000, 0x000000008a000000, 0x000000008a100000|  0%| F|  |TAMS 0x000000008a000000, 0x000000008a000000| Untracked 
| 161|0x000000008a100000, 0x000000008a100000, 0x000000008a200000|  0%| F|  |TAMS 0x000000008a100000, 0x000000008a100000| Untracked 
| 162|0x000000008a200000, 0x000000008a200000, 0x000000008a300000|  0%| F|  |TAMS 0x000000008a200000, 0x000000008a200000| Untracked 
| 163|0x000000008a300000, 0x000000008a300000, 0x000000008a400000|  0%| F|  |TAMS 0x000000008a300000, 0x000000008a300000| Untracked 
| 164|0x000000008a400000, 0x000000008a400000, 0x000000008a500000|  0%| F|  |TAMS 0x000000008a400000, 0x000000008a400000| Untracked 
| 165|0x000000008a500000, 0x000000008a500000, 0x000000008a600000|  0%| F|  |TAMS 0x000000008a500000, 0x000000008a500000| Untracked 
| 166|0x000000008a600000, 0x000000008a600000, 0x000000008a700000|  0%| F|  |TAMS 0x000000008a600000, 0x000000008a600000| Untracked 
| 167|0x000000008a700000, 0x000000008a700000, 0x000000008a800000|  0%| F|  |TAMS 0x000000008a700000, 0x000000008a700000| Untracked 
| 168|0x000000008a800000, 0x000000008a800000, 0x000000008a900000|  0%| F|  |TAMS 0x000000008a800000, 0x000000008a800000| Untracked 
| 169|0x000000008a900000, 0x000000008a900000, 0x000000008aa00000|  0%| F|  |TAMS 0x000000008a900000, 0x000000008a900000| Untracked 
| 170|0x000000008aa00000, 0x000000008aaa2da0, 0x000000008ab00000| 63%| S|CS|TAMS 0x000000008aa00000, 0x000000008aa00000| Complete 
| 171|0x000000008ab00000, 0x000000008ac00000, 0x000000008ac00000|100%| S|CS|TAMS 0x000000008ab00000, 0x000000008ab00000| Complete 
| 172|0x000000008ac00000, 0x000000008ad00000, 0x000000008ad00000|100%| S|CS|TAMS 0x000000008ac00000, 0x000000008ac00000| Complete 
| 173|0x000000008ad00000, 0x000000008ad00000, 0x000000008ae00000|  0%| F|  |TAMS 0x000000008ad00000, 0x000000008ad00000| Untracked 
| 174|0x000000008ae00000, 0x000000008ae00000, 0x000000008af00000|  0%| F|  |TAMS 0x000000008ae00000, 0x000000008ae00000| Untracked 
| 175|0x000000008af00000, 0x000000008af00000, 0x000000008b000000|  0%| F|  |TAMS 0x000000008af00000, 0x000000008af00000| Untracked 
| 176|0x000000008b000000, 0x000000008b000000, 0x000000008b100000|  0%| F|  |TAMS 0x000000008b000000, 0x000000008b000000| Untracked 
| 177|0x000000008b100000, 0x000000008b100000, 0x000000008b200000|  0%| F|  |TAMS 0x000000008b100000, 0x000000008b100000| Untracked 
| 178|0x000000008b200000, 0x000000008b200000, 0x000000008b300000|  0%| F|  |TAMS 0x000000008b200000, 0x000000008b200000| Untracked 
| 179|0x000000008b300000, 0x000000008b300000, 0x000000008b400000|  0%| F|  |TAMS 0x000000008b300000, 0x000000008b300000| Untracked 
| 180|0x000000008b400000, 0x000000008b400000, 0x000000008b500000|  0%| F|  |TAMS 0x000000008b400000, 0x000000008b400000| Untracked 
| 181|0x000000008b500000, 0x000000008b500000, 0x000000008b600000|  0%| F|  |TAMS 0x000000008b500000, 0x000000008b500000| Untracked 
| 182|0x000000008b600000, 0x000000008b600000, 0x000000008b700000|  0%| F|  |TAMS 0x000000008b600000, 0x000000008b600000| Untracked 
| 183|0x000000008b700000, 0x000000008b700000, 0x000000008b800000|  0%| F|  |TAMS 0x000000008b700000, 0x000000008b700000| Untracked 
| 184|0x000000008b800000, 0x000000008b800000, 0x000000008b900000|  0%| F|  |TAMS 0x000000008b800000, 0x000000008b800000| Untracked 
| 185|0x000000008b900000, 0x000000008b900000, 0x000000008ba00000|  0%| F|  |TAMS 0x000000008b900000, 0x000000008b900000| Untracked 
| 186|0x000000008ba00000, 0x000000008ba00000, 0x000000008bb00000|  0%| F|  |TAMS 0x000000008ba00000, 0x000000008ba00000| Untracked 
| 187|0x000000008bb00000, 0x000000008bb00000, 0x000000008bc00000|  0%| F|  |TAMS 0x000000008bb00000, 0x000000008bb00000| Untracked 
| 188|0x000000008bc00000, 0x000000008bc00000, 0x000000008bd00000|  0%| F|  |TAMS 0x000000008bc00000, 0x000000008bc00000| Untracked 
| 189|0x000000008bd00000, 0x000000008bd00000, 0x000000008be00000|  0%| F|  |TAMS 0x000000008bd00000, 0x000000008bd00000| Untracked 
| 190|0x000000008be00000, 0x000000008be00000, 0x000000008bf00000|  0%| F|  |TAMS 0x000000008be00000, 0x000000008be00000| Untracked 
| 191|0x000000008bf00000, 0x000000008bf00000, 0x000000008c000000|  0%| F|  |TAMS 0x000000008bf00000, 0x000000008bf00000| Untracked 
| 192|0x000000008c000000, 0x000000008c000000, 0x000000008c100000|  0%| F|  |TAMS 0x000000008c000000, 0x000000008c000000| Untracked 
| 193|0x000000008c100000, 0x000000008c100000, 0x000000008c200000|  0%| F|  |TAMS 0x000000008c100000, 0x000000008c100000| Untracked 
| 194|0x000000008c200000, 0x000000008c200000, 0x000000008c300000|  0%| F|  |TAMS 0x000000008c200000, 0x000000008c200000| Untracked 
| 195|0x000000008c300000, 0x000000008c300000, 0x000000008c400000|  0%| F|  |TAMS 0x000000008c300000, 0x000000008c300000| Untracked 
| 196|0x000000008c400000, 0x000000008c400000, 0x000000008c500000|  0%| F|  |TAMS 0x000000008c400000, 0x000000008c400000| Untracked 
| 197|0x000000008c500000, 0x000000008c500000, 0x000000008c600000|  0%| F|  |TAMS 0x000000008c500000, 0x000000008c500000| Untracked 
| 198|0x000000008c600000, 0x000000008c600000, 0x000000008c700000|  0%| F|  |TAMS 0x000000008c600000, 0x000000008c600000| Untracked 
| 199|0x000000008c700000, 0x000000008c700000, 0x000000008c800000|  0%| F|  |TAMS 0x000000008c700000, 0x000000008c700000| Untracked 
| 200|0x000000008c800000, 0x000000008c800000, 0x000000008c900000|  0%| F|  |TAMS 0x000000008c800000, 0x000000008c800000| Untracked 
| 201|0x000000008c900000, 0x000000008c900000, 0x000000008ca00000|  0%| F|  |TAMS 0x000000008c900000, 0x000000008c900000| Untracked 
| 202|0x000000008ca00000, 0x000000008ca00000, 0x000000008cb00000|  0%| F|  |TAMS 0x000000008ca00000, 0x000000008ca00000| Untracked 
| 203|0x000000008cb00000, 0x000000008cb00000, 0x000000008cc00000|  0%| F|  |TAMS 0x000000008cb00000, 0x000000008cb00000| Untracked 
| 204|0x000000008cc00000, 0x000000008cc00000, 0x000000008cd00000|  0%| F|  |TAMS 0x000000008cc00000, 0x000000008cc00000| Untracked 
| 205|0x000000008cd00000, 0x000000008cd00000, 0x000000008ce00000|  0%| F|  |TAMS 0x000000008cd00000, 0x000000008cd00000| Untracked 
| 206|0x000000008ce00000, 0x000000008ce00000, 0x000000008cf00000|  0%| F|  |TAMS 0x000000008ce00000, 0x000000008ce00000| Untracked 
| 207|0x000000008cf00000, 0x000000008cf00000, 0x000000008d000000|  0%| F|  |TAMS 0x000000008cf00000, 0x000000008cf00000| Untracked 
| 208|0x000000008d000000, 0x000000008d000000, 0x000000008d100000|  0%| F|  |TAMS 0x000000008d000000, 0x000000008d000000| Untracked 
| 209|0x000000008d100000, 0x000000008d100000, 0x000000008d200000|  0%| F|  |TAMS 0x000000008d100000, 0x000000008d100000| Untracked 
| 210|0x000000008d200000, 0x000000008d200000, 0x000000008d300000|  0%| F|  |TAMS 0x000000008d200000, 0x000000008d200000| Untracked 
| 211|0x000000008d300000, 0x000000008d300000, 0x000000008d400000|  0%| F|  |TAMS 0x000000008d300000, 0x000000008d300000| Untracked 
| 212|0x000000008d400000, 0x000000008d400000, 0x000000008d500000|  0%| F|  |TAMS 0x000000008d400000, 0x000000008d400000| Untracked 
| 213|0x000000008d500000, 0x000000008d500000, 0x000000008d600000|  0%| F|  |TAMS 0x000000008d500000, 0x000000008d500000| Untracked 
| 214|0x000000008d600000, 0x000000008d600000, 0x000000008d700000|  0%| F|  |TAMS 0x000000008d600000, 0x000000008d600000| Untracked 
| 215|0x000000008d700000, 0x000000008d700000, 0x000000008d800000|  0%| F|  |TAMS 0x000000008d700000, 0x000000008d700000| Untracked 
| 216|0x000000008d800000, 0x000000008d800000, 0x000000008d900000|  0%| F|  |TAMS 0x000000008d800000, 0x000000008d800000| Untracked 
| 217|0x000000008d900000, 0x000000008d900000, 0x000000008da00000|  0%| F|  |TAMS 0x000000008d900000, 0x000000008d900000| Untracked 
| 218|0x000000008da00000, 0x000000008da00000, 0x000000008db00000|  0%| F|  |TAMS 0x000000008da00000, 0x000000008da00000| Untracked 
| 219|0x000000008db00000, 0x000000008db00000, 0x000000008dc00000|  0%| F|  |TAMS 0x000000008db00000, 0x000000008db00000| Untracked 
| 220|0x000000008dc00000, 0x000000008dc00000, 0x000000008dd00000|  0%| F|  |TAMS 0x000000008dc00000, 0x000000008dc00000| Untracked 
| 221|0x000000008dd00000, 0x000000008dd00000, 0x000000008de00000|  0%| F|  |TAMS 0x000000008dd00000, 0x000000008dd00000| Untracked 
| 222|0x000000008de00000, 0x000000008de00000, 0x000000008df00000|  0%| F|  |TAMS 0x000000008de00000, 0x000000008de00000| Untracked 
| 223|0x000000008df00000, 0x000000008df00000, 0x000000008e000000|  0%| F|  |TAMS 0x000000008df00000, 0x000000008df00000| Untracked 
| 224|0x000000008e000000, 0x000000008e000000, 0x000000008e100000|  0%| F|  |TAMS 0x000000008e000000, 0x000000008e000000| Untracked 
| 225|0x000000008e100000, 0x000000008e100000, 0x000000008e200000|  0%| F|  |TAMS 0x000000008e100000, 0x000000008e100000| Untracked 
| 226|0x000000008e200000, 0x000000008e200000, 0x000000008e300000|  0%| F|  |TAMS 0x000000008e200000, 0x000000008e200000| Untracked 
| 227|0x000000008e300000, 0x000000008e300000, 0x000000008e400000|  0%| F|  |TAMS 0x000000008e300000, 0x000000008e300000| Untracked 
| 228|0x000000008e400000, 0x000000008e400000, 0x000000008e500000|  0%| F|  |TAMS 0x000000008e400000, 0x000000008e400000| Untracked 
| 229|0x000000008e500000, 0x000000008e500000, 0x000000008e600000|  0%| F|  |TAMS 0x000000008e500000, 0x000000008e500000| Untracked 
| 230|0x000000008e600000, 0x000000008e600000, 0x000000008e700000|  0%| F|  |TAMS 0x000000008e600000, 0x000000008e600000| Untracked 
| 231|0x000000008e700000, 0x000000008e700000, 0x000000008e800000|  0%| F|  |TAMS 0x000000008e700000, 0x000000008e700000| Untracked 
| 232|0x000000008e800000, 0x000000008e800000, 0x000000008e900000|  0%| F|  |TAMS 0x000000008e800000, 0x000000008e800000| Untracked 
| 233|0x000000008e900000, 0x000000008e9d5808, 0x000000008ea00000| 83%| E|  |TAMS 0x000000008e900000, 0x000000008e900000| Complete 
| 234|0x000000008ea00000, 0x000000008eb00000, 0x000000008eb00000|100%| E|CS|TAMS 0x000000008ea00000, 0x000000008ea00000| Complete 
| 235|0x000000008eb00000, 0x000000008ec00000, 0x000000008ec00000|100%| E|CS|TAMS 0x000000008eb00000, 0x000000008eb00000| Complete 
| 236|0x000000008ec00000, 0x000000008ed00000, 0x000000008ed00000|100%| E|CS|TAMS 0x000000008ec00000, 0x000000008ec00000| Complete 
| 237|0x000000008ed00000, 0x000000008ee00000, 0x000000008ee00000|100%| E|CS|TAMS 0x000000008ed00000, 0x000000008ed00000| Complete 
| 238|0x000000008ee00000, 0x000000008ef00000, 0x000000008ef00000|100%| E|CS|TAMS 0x000000008ee00000, 0x000000008ee00000| Complete 
| 239|0x000000008ef00000, 0x000000008f000000, 0x000000008f000000|100%| E|CS|TAMS 0x000000008ef00000, 0x000000008ef00000| Complete 
| 240|0x000000008f000000, 0x000000008f100000, 0x000000008f100000|100%| E|CS|TAMS 0x000000008f000000, 0x000000008f000000| Complete 
| 241|0x000000008f100000, 0x000000008f200000, 0x000000008f200000|100%| E|CS|TAMS 0x000000008f100000, 0x000000008f100000| Complete 
| 242|0x000000008f200000, 0x000000008f300000, 0x000000008f300000|100%| E|  |TAMS 0x000000008f200000, 0x000000008f200000| Complete 
| 243|0x000000008f300000, 0x000000008f400000, 0x000000008f400000|100%| E|CS|TAMS 0x000000008f300000, 0x000000008f300000| Complete 
| 244|0x000000008f400000, 0x000000008f500000, 0x000000008f500000|100%| E|CS|TAMS 0x000000008f400000, 0x000000008f400000| Complete 
| 245|0x000000008f500000, 0x000000008f600000, 0x000000008f600000|100%| E|CS|TAMS 0x000000008f500000, 0x000000008f500000| Complete 
| 246|0x000000008f600000, 0x000000008f700000, 0x000000008f700000|100%| E|CS|TAMS 0x000000008f600000, 0x000000008f600000| Complete 
| 247|0x000000008f700000, 0x000000008f800000, 0x000000008f800000|100%| E|CS|TAMS 0x000000008f700000, 0x000000008f700000| Complete 
| 248|0x000000008f800000, 0x000000008f900000, 0x000000008f900000|100%| E|CS|TAMS 0x000000008f800000, 0x000000008f800000| Complete 
| 249|0x000000008f900000, 0x000000008fa00000, 0x000000008fa00000|100%| E|CS|TAMS 0x000000008f900000, 0x000000008f900000| Complete 
| 250|0x000000008fa00000, 0x000000008fb00000, 0x000000008fb00000|100%| E|CS|TAMS 0x000000008fa00000, 0x000000008fa00000| Complete 
| 251|0x000000008fb00000, 0x000000008fc00000, 0x000000008fc00000|100%| E|CS|TAMS 0x000000008fb00000, 0x000000008fb00000| Complete 
| 252|0x000000008fc00000, 0x000000008fd00000, 0x000000008fd00000|100%| E|CS|TAMS 0x000000008fc00000, 0x000000008fc00000| Complete 
| 253|0x000000008fd00000, 0x000000008fe00000, 0x000000008fe00000|100%| E|CS|TAMS 0x000000008fd00000, 0x000000008fd00000| Complete 

Card table byte_map: [0x000002a864e30000,0x000002a865230000] _byte_map_base: 0x000002a864a30000

Marking Bits (Prev, Next): (CMBitMap*) 0x000002a851c69d70, (CMBitMap*) 0x000002a851c69d38
 Prev Bits: [0x000002a867630000, 0x000002a869630000)
 Next Bits: [0x000002a865630000, 0x000002a867630000)

Polling page: 0x000002a8513f0000

Metaspace:

Usage:
  Non-class:     97.24 MB capacity,    95.05 MB ( 98%) used,     1.80 MB (  2%) free+waste,   394.81 KB ( <1%) overhead. 
      Class:     15.76 MB capacity,    14.28 MB ( 91%) used,     1.30 MB (  8%) free+waste,   184.38 KB (  1%) overhead. 
       Both:    113.00 MB capacity,   109.33 MB ( 97%) used,     3.11 MB (  3%) free+waste,   579.19 KB ( <1%) overhead. 

Virtual space:
  Non-class space:       98.00 MB reserved,      97.25 MB (>99%) committed 
      Class space:        1.00 GB reserved,      15.87 MB (  2%) committed 
             Both:        1.10 GB reserved,     113.12 MB ( 10%) committed 

Chunk freelists:
   Non-Class:  12.00 KB
       Class:  0 bytes
        Both:  12.00 KB

MaxMetaspaceSize: 17179869184.00 GB
CompressedClassSpaceSize: 1.00 GB

CodeHeap 'non-profiled nmethods': size=120000Kb used=11787Kb max_used=11787Kb free=108212Kb
 bounds [0x000002a85d1d0000, 0x000002a85dd60000, 0x000002a864700000]
CodeHeap 'profiled nmethods': size=120000Kb used=37004Kb max_used=37004Kb free=82995Kb
 bounds [0x000002a855ca0000, 0x000002a8580d0000, 0x000002a85d1d0000]
CodeHeap 'non-nmethods': size=5760Kb used=2350Kb max_used=2423Kb free=3409Kb
 bounds [0x000002a855700000, 0x000002a855970000, 0x000002a855ca0000]
 total_blobs=17430 nmethods=16454 adapters=886
 compilation: enabled
              stopped_count=0, restarted_count=0
 full_count=0

Compilation events (20 events):
Event: 128.959 Thread 0x000002a8760bd800 nmethod 16581 0x000002a85dd46f10 code [0x000002a85dd47200, 0x000002a85dd487d8]
Event: 128.960 Thread 0x000002a8760bd800 16591       4       org.gradle.internal.file.DefaultFileHierarchySet$Node::contains (101 bytes)
Event: 128.967 Thread 0x000002a86c970800 16618       3       java.io.File::getParent (65 bytes)
Event: 128.968 Thread 0x000002a86c970800 nmethod 16618 0x000002a8580b9090 code [0x000002a8580b92e0, 0x000002a8580b9998]
Event: 128.985 Thread 0x000002a86c970800 16619   !   3       java.util.zip.Inflater::getBytesWritten (23 bytes)
Event: 128.985 Thread 0x000002a86c970800 nmethod 16619 0x000002a8580b9c90 code [0x000002a8580b9e60, 0x000002a8580ba148]
Event: 129.025 Thread 0x000002a86c970800 16620       3       java.util.zip.ZipUtils::get32 (23 bytes)
Event: 129.025 Thread 0x000002a86c970800 nmethod 16620 0x000002a8580ba290 code [0x000002a8580ba460, 0x000002a8580ba6d8]
Event: 129.040 Thread 0x000002a8760bd800 nmethod 16591 0x000002a85dd49910 code [0x000002a85dd49c60, 0x000002a85dd4b190]
Event: 129.041 Thread 0x000002a8760bd800 16617   !   4       java.util.zip.InflaterInputStream::read (138 bytes)
Event: 129.066 Thread 0x000002a86c970800 16625       3       java.util.zip.ZipInputStream::readFully (44 bytes)
Event: 129.067 Thread 0x000002a86c970800 nmethod 16625 0x000002a8580ba810 code [0x000002a8580baa00, 0x000002a8580bad98]
Event: 129.123 Thread 0x000002a86c970800 16626       3       com.android.build.gradle.internal.tasks.DexMergingTaskDelegate$Companion$isDexFile$1::invoke (12 bytes)
Event: 129.124 Thread 0x000002a86c970800 nmethod 16626 0x000002a8580baf10 code [0x000002a8580bb160, 0x000002a8580bb948]
Event: 129.124 Thread 0x000002a86c970800 16627       3       com.android.build.gradle.internal.tasks.DexMergingTaskDelegate$Companion$isDexFile$1::invoke (14 bytes)
Event: 129.125 Thread 0x000002a86c970800 nmethod 16627 0x000002a8580bbc10 code [0x000002a8580bbe40, 0x000002a8580bc408]
Event: 129.179 Thread 0x000002a8760bd800 nmethod 16617 0x000002a85dd4c290 code [0x000002a85dd4c540, 0x000002a85dd4fbb0]
Event: 129.179 Thread 0x000002a8760bd800 16621       4       java.util.zip.CRC32::update (51 bytes)
Event: 129.181 Thread 0x000002a8760bd800 nmethod 16621 0x000002a85dd51190 code [0x000002a85dd51320, 0x000002a85dd514b8]
Event: 129.181 Thread 0x000002a8760bd800 16623       4       java.util.zip.ZipInputStream::read (304 bytes)

GC Heap History (20 events):
Event: 23.509 GC heap before
{Heap before GC invocations=12 (full 0):
 garbage-first heap   total 260096K, used 146432K [0x0000000080000000, 0x0000000100000000)
  region size 1024K, 94 young (96256K), 6 survivors (6144K)
 Metaspace       used 69920K, capacity 71692K, committed 71936K, reserved 1112064K
  class space    used 8979K, capacity 9605K, committed 9728K, reserved 1048576K
}
Event: 23.525 GC heap after
{Heap after GC invocations=13 (full 0):
 garbage-first heap   total 260096K, used 63645K [0x0000000080000000, 0x0000000100000000)
  region size 1024K, 12 young (12288K), 12 survivors (12288K)
 Metaspace       used 69920K, capacity 71692K, committed 71936K, reserved 1112064K
  class space    used 8979K, capacity 9605K, committed 9728K, reserved 1048576K
}
Event: 33.916 GC heap before
{Heap before GC invocations=13 (full 0):
 garbage-first heap   total 260096K, used 156829K [0x0000000080000000, 0x0000000100000000)
  region size 1024K, 103 young (105472K), 12 survivors (12288K)
 Metaspace       used 76438K, capacity 78499K, committed 78592K, reserved 1118208K
  class space    used 9976K, capacity 10751K, committed 10752K, reserved 1048576K
}
Event: 33.930 GC heap after
{Heap after GC invocations=14 (full 0):
 garbage-first heap   total 260096K, used 70700K [0x0000000080000000, 0x0000000100000000)
  region size 1024K, 7 young (7168K), 7 survivors (7168K)
 Metaspace       used 76438K, capacity 78499K, committed 78592K, reserved 1118208K
  class space    used 9976K, capacity 10751K, committed 10752K, reserved 1048576K
}
Event: 35.523 GC heap before
{Heap before GC invocations=14 (full 0):
 garbage-first heap   total 260096K, used 165932K [0x0000000080000000, 0x0000000100000000)
  region size 1024K, 100 young (102400K), 7 survivors (7168K)
 Metaspace       used 83477K, capacity 85876K, committed 86144K, reserved 1124352K
  class space    used 10960K, capacity 11863K, committed 11904K, reserved 1048576K
}
Event: 35.541 GC heap after
{Heap after GC invocations=15 (full 0):
 garbage-first heap   total 260096K, used 77549K [0x0000000080000000, 0x0000000100000000)
  region size 1024K, 13 young (13312K), 13 survivors (13312K)
 Metaspace       used 83477K, capacity 85876K, committed 86144K, reserved 1124352K
  class space    used 10960K, capacity 11863K, committed 11904K, reserved 1048576K
}
Event: 37.662 GC heap before
{Heap before GC invocations=15 (full 0):
 garbage-first heap   total 260096K, used 173805K [0x0000000080000000, 0x0000000100000000)
  region size 1024K, 108 young (110592K), 13 survivors (13312K)
 Metaspace       used 87641K, capacity 90034K, committed 90240K, reserved 1126400K
  class space    used 11424K, capacity 12359K, committed 12416K, reserved 1048576K
}
Event: 37.684 GC heap after
{Heap after GC invocations=16 (full 0):
 garbage-first heap   total 260096K, used 82365K [0x0000000080000000, 0x0000000100000000)
  region size 1024K, 5 young (5120K), 5 survivors (5120K)
 Metaspace       used 87641K, capacity 90034K, committed 90240K, reserved 1126400K
  class space    used 11424K, capacity 12359K, committed 12416K, reserved 1048576K
}
Event: 40.786 GC heap before
{Heap before GC invocations=16 (full 0):
 garbage-first heap   total 260096K, used 180669K [0x0000000080000000, 0x0000000100000000)
  region size 1024K, 102 young (104448K), 5 survivors (5120K)
 Metaspace       used 91778K, capacity 94360K, committed 94592K, reserved 1130496K
  class space    used 11925K, capacity 12918K, committed 12928K, reserved 1048576K
}
Event: 40.806 GC heap after
{Heap after GC invocations=17 (full 0):
 garbage-first heap   total 260096K, used 89993K [0x0000000080000000, 0x0000000100000000)
  region size 1024K, 13 young (13312K), 13 survivors (13312K)
 Metaspace       used 91778K, capacity 94360K, committed 94592K, reserved 1130496K
  class space    used 11925K, capacity 12918K, committed 12928K, reserved 1048576K
}
Event: 57.171 GC heap before
{Heap before GC invocations=17 (full 0):
 garbage-first heap   total 260096K, used 187273K [0x0000000080000000, 0x0000000100000000)
  region size 1024K, 109 young (111616K), 13 survivors (13312K)
 Metaspace       used 95468K, capacity 98255K, committed 98560K, reserved 1134592K
  class space    used 12403K, capacity 13442K, committed 13568K, reserved 1048576K
}
Event: 57.206 GC heap after
{Heap after GC invocations=18 (full 0):
 garbage-first heap   total 260096K, used 96366K [0x0000000080000000, 0x0000000100000000)
  region size 1024K, 7 young (7168K), 7 survivors (7168K)
 Metaspace       used 95468K, capacity 98255K, committed 98560K, reserved 1134592K
  class space    used 12403K, capacity 13442K, committed 13568K, reserved 1048576K
}
Event: 90.963 GC heap before
{Heap before GC invocations=18 (full 0):
 garbage-first heap   total 260096K, used 193646K [0x0000000080000000, 0x0000000100000000)
  region size 1024K, 103 young (105472K), 7 survivors (7168K)
 Metaspace       used 96599K, capacity 99401K, committed 99584K, reserved 1134592K
  class space    used 12427K, capacity 13480K, committed 13568K, reserved 1048576K
}
Event: 90.978 GC heap after
{Heap after GC invocations=19 (full 0):
 garbage-first heap   total 260096K, used 98778K [0x0000000080000000, 0x0000000100000000)
  region size 1024K, 10 young (10240K), 10 survivors (10240K)
 Metaspace       used 96599K, capacity 99401K, committed 99584K, reserved 1134592K
  class space    used 12427K, capacity 13480K, committed 13568K, reserved 1048576K
}
Event: 114.217 GC heap before
{Heap before GC invocations=19 (full 0):
 garbage-first heap   total 260096K, used 197082K [0x0000000080000000, 0x0000000100000000)
  region size 1024K, 107 young (109568K), 10 survivors (10240K)
 Metaspace       used 97360K, capacity 100193K, committed 100352K, reserved 1136640K
  class space    used 12462K, capacity 13544K, committed 13568K, reserved 1048576K
}
Event: 114.232 GC heap after
{Heap after GC invocations=20 (full 0):
 garbage-first heap   total 260096K, used 101432K [0x0000000080000000, 0x0000000100000000)
  region size 1024K, 7 young (7168K), 7 survivors (7168K)
 Metaspace       used 97360K, capacity 100193K, committed 100352K, reserved 1136640K
  class space    used 12462K, capacity 13544K, committed 13568K, reserved 1048576K
}
Event: 126.506 GC heap before
{Heap before GC invocations=20 (full 0):
 garbage-first heap   total 260096K, used 200760K [0x0000000080000000, 0x0000000100000000)
  region size 1024K, 105 young (107520K), 7 survivors (7168K)
 Metaspace       used 102736K, capacity 106053K, committed 106240K, reserved 1140736K
  class space    used 13235K, capacity 14592K, committed 14592K, reserved 1048576K
}
Event: 126.524 GC heap after
{Heap after GC invocations=21 (full 0):
 garbage-first heap   total 260096K, used 108918K [0x0000000080000000, 0x0000000100000000)
  region size 1024K, 14 young (14336K), 14 survivors (14336K)
 Metaspace       used 102736K, capacity 106053K, committed 106240K, reserved 1140736K
  class space    used 13235K, capacity 14592K, committed 14592K, reserved 1048576K
}
Event: 128.074 GC heap before
{Heap before GC invocations=21 (full 0):
 garbage-first heap   total 260096K, used 189814K [0x0000000080000000, 0x0000000100000000)
  region size 1024K, 95 young (97280K), 14 survivors (14336K)
 Metaspace       used 109401K, capacity 112948K, committed 113024K, reserved 1146880K
  class space    used 14234K, capacity 15674K, committed 15744K, reserved 1048576K
}
Event: 128.114 GC heap after
{Heap after GC invocations=22 (full 0):
 garbage-first heap   total 260096K, used 110924K [0x0000000080000000, 0x0000000100000000)
  region size 1024K, 3 young (3072K), 3 survivors (3072K)
 Metaspace       used 109401K, capacity 112948K, committed 113024K, reserved 1146880K
  class space    used 14234K, capacity 15674K, committed 15744K, reserved 1048576K
}

Deoptimization events (20 events):
Event: 128.914 Thread 0x000002a86d148800 Uncommon trap: trap_request=0xffffff6e fr.pc=0x000002a85d2c3348 relative=0x0000000000001128
Event: 128.914 Thread 0x000002a86d148800 Uncommon trap: reason=speculate_class_check action=maybe_recompile pc=0x000002a85d2c3348 method=java.util.zip.InflaterInputStream.read([BII)I @ 100 c2
Event: 128.914 Thread 0x000002a86d148800 DEOPT PACKING pc=0x000002a85d2c3348 sp=0x000000c2fc7fd880
Event: 128.914 Thread 0x000002a86d148800 DEOPT UNPACKING pc=0x000002a8557278af sp=0x000000c2fc7fd8e0 mode 2
Event: 128.915 Thread 0x000002a86d148800 Uncommon trap: trap_request=0xffffff6e fr.pc=0x000002a85d2c3348 relative=0x0000000000001128
Event: 128.915 Thread 0x000002a86d148800 Uncommon trap: reason=speculate_class_check action=maybe_recompile pc=0x000002a85d2c3348 method=java.util.zip.InflaterInputStream.read([BII)I @ 100 c2
Event: 128.915 Thread 0x000002a86d148800 DEOPT PACKING pc=0x000002a85d2c3348 sp=0x000000c2fc7fd880
Event: 128.915 Thread 0x000002a86d148800 DEOPT UNPACKING pc=0x000002a8557278af sp=0x000000c2fc7fd8e0 mode 2
Event: 128.915 Thread 0x000002a86d148800 Uncommon trap: trap_request=0xffffff6e fr.pc=0x000002a85d2c3348 relative=0x0000000000001128
Event: 128.915 Thread 0x000002a86d148800 Uncommon trap: reason=speculate_class_check action=maybe_recompile pc=0x000002a85d2c3348 method=java.util.zip.InflaterInputStream.read([BII)I @ 100 c2
Event: 128.915 Thread 0x000002a86d148800 DEOPT PACKING pc=0x000002a85d2c3348 sp=0x000000c2fc7fd880
Event: 128.915 Thread 0x000002a86d148800 DEOPT UNPACKING pc=0x000002a8557278af sp=0x000000c2fc7fd8e0 mode 2
Event: 128.915 Thread 0x000002a86d148800 Uncommon trap: trap_request=0xffffff6e fr.pc=0x000002a85d2c3348 relative=0x0000000000001128
Event: 128.915 Thread 0x000002a86d148800 Uncommon trap: reason=speculate_class_check action=maybe_recompile pc=0x000002a85d2c3348 method=java.util.zip.InflaterInputStream.read([BII)I @ 100 c2
Event: 128.915 Thread 0x000002a86d148800 DEOPT PACKING pc=0x000002a85d2c3348 sp=0x000000c2fc7fd880
Event: 128.915 Thread 0x000002a86d148800 DEOPT UNPACKING pc=0x000002a8557278af sp=0x000000c2fc7fd8e0 mode 2
Event: 128.915 Thread 0x000002a86d148800 Uncommon trap: trap_request=0xffffff4d fr.pc=0x000002a85dc99c68 relative=0x0000000000000608
Event: 128.915 Thread 0x000002a86d148800 Uncommon trap: reason=unstable_if action=reinterpret pc=0x000002a85dc99c68 method=java.io.File.getParent()Ljava/lang/String; @ 23 c2
Event: 128.915 Thread 0x000002a86d148800 DEOPT PACKING pc=0x000002a85dc99c68 sp=0x000000c2fc7fda80
Event: 128.915 Thread 0x000002a86d148800 DEOPT UNPACKING pc=0x000002a8557278af sp=0x000000c2fc7fda58 mode 2

Classes redefined (0 events):
No events

Internal exceptions (20 events):
Event: 127.313 Thread 0x000002a86d146000 Exception <a 'java/lang/NoSuchMethodError'{0x000000008c9cb678}: 'void java.lang.invoke.DirectMethodHandle$Holder.invokeStatic(java.lang.Object, java.lang.Object, java.lang.Object, int)'> (0x000000008c9cb678) thrown at [./src/hotspot/share/interpreter/linkResolver.cpp, line 773]
Event: 127.315 Thread 0x000002a86d146000 Exception <a 'java/lang/IncompatibleClassChangeError'{0x000000008c9d3920}: Found class java.lang.Object, but interface was expected> (0x000000008c9d3920) thrown at [./src/hotspot/share/interpreter/linkResolver.cpp, line 839]
Event: 127.587 Thread 0x000002a86d146000 Exception <a 'java/lang/NoSuchMethodError'{0x000000008bf04898}: 'java.lang.Object java.lang.invoke.DirectMethodHandle$Holder.invokeStatic(java.lang.Object, int, java.lang.Object, java.lang.Object)'> (0x000000008bf04898) thrown at [./src/hotspot/share/interpreter/linkResolver.cpp, line 773]
Event: 127.771 Thread 0x000002a86d146000 Exception <a 'java/lang/NoSuchMethodError'{0x000000008b49fd78}: 'java.lang.Object java.lang.invoke.Invokers$Holder.linkToTargetMethod(java.lang.Object, java.lang.Object, java.lang.Object, java.lang.Object, java.lang.Object, java.lang.Object, java.lang.Object)'> (0x000000008b49fd78) thrown at [./src/hotspot/share/interpreter/linkResolver.cpp, line 773]
Event: 127.879 Thread 0x000002a86d146000 Exception <a 'java/lang/NoSuchMethodError'{0x000000008b2ead90}: 'java.lang.Object java.lang.invoke.DirectMethodHandle$Holder.invokeVirtual(java.lang.Object, java.lang.Object, int, java.lang.Object)'> (0x000000008b2ead90) thrown at [./src/hotspot/share/interpreter/linkResolver.cpp, line 773]
Event: 127.906 Thread 0x000002a86d146000 Exception <a 'java/lang/IncompatibleClassChangeError'{0x000000008b162ac8}: Found class java.lang.Object, but interface was expected> (0x000000008b162ac8) thrown at [./src/hotspot/share/interpreter/linkResolver.cpp, line 839]
Event: 127.907 Thread 0x000002a86d146000 Exception <a 'java/lang/IncompatibleClassChangeError'{0x000000008b16b9e0}: Found class java.lang.Object, but interface was expected> (0x000000008b16b9e0) thrown at [./src/hotspot/share/interpreter/linkResolver.cpp, line 839]
Event: 127.944 Thread 0x000002a86d146000 Exception <a 'java/lang/NoSuchMethodError'{0x000000008b03fab0}: 'void java.lang.invoke.DirectMethodHandle$Holder.invokeVirtual(java.lang.Object, java.lang.Object, int, java.lang.Object)'> (0x000000008b03fab0) thrown at [./src/hotspot/share/interpreter/linkResolver.cpp, line 773]
Event: 128.047 Thread 0x000002a86d146000 Exception <a 'java/lang/NoSuchMethodError'{0x000000008aec2900}: 'java.lang.Object java.lang.invoke.DirectMethodHandle$Holder.newInvokeSpecial(java.lang.Object, int)'> (0x000000008aec2900) thrown at [./src/hotspot/share/interpreter/linkResolver.cpp, line 773]
Event: 128.439 Thread 0x000002a86d146000 Exception <a 'java/lang/NoSuchMethodError'{0x000000008f80b740}: 'java.lang.Object java.lang.invoke.DirectMethodHandle$Holder.invokeSpecial(java.lang.Object, java.lang.Object, java.lang.Object, java.lang.Object, java.lang.Object, java.lang.Object, java.lang.Object, java.lang.Object, java.lang.Object, java.lang.Object, java.lang.Object)'> (0x000000008f80b740) thrown at [./src/hotspot/share/interpreter/linkResolver.cpp, line 773]
Event: 128.440 Thread 0x000002a86d146000 Exception <a 'java/lang/NoSuchMethodError'{0x000000008f816968}: 'java.lang.Object java.lang.invoke.Invokers$Holder.linkToTargetMethod(java.lang.Object, java.lang.Object, java.lang.Object, java.lang.Object, java.lang.Object, java.lang.Object, java.lang.Object, java.lang.Object, java.lang.Object, java.lang.Object)'> (0x000000008f816968) thrown at [./src/hotspot/share/interpreter/linkResolver.cpp, line 773]
Event: 128.503 Thread 0x000002a86d146000 Exception <a 'java/lang/IncompatibleClassChangeError'{0x000000008f779230}: Found class java.lang.Object, but interface was expected> (0x000000008f779230) thrown at [./src/hotspot/share/interpreter/linkResolver.cpp, line 839]
Event: 128.600 Thread 0x000002a86d146000 Exception <a 'java/lang/NoSuchMethodError'{0x000000008f59fd98}: 'void java.lang.invoke.DirectMethodHandle$Holder.invokeSpecial(java.lang.Object, java.lang.Object, int, java.lang.Object, java.lang.Object, java.lang.Object, java.lang.Object)'> (0x000000008f59fd98) thrown at [./src/hotspot/share/interpreter/linkResolver.cpp, line 773]
Event: 128.602 Thread 0x000002a86d146000 Exception <a 'java/lang/NoSuchMethodError'{0x000000008f5b77b8}: 'java.lang.Object java.lang.invoke.Invokers$Holder.linkToTargetMethod(java.lang.Object, int, java.lang.Object, java.lang.Object, java.lang.Object, java.lang.Object)'> (0x000000008f5b77b8) thrown at [./src/hotspot/share/interpreter/linkResolver.cpp, line 773]
Event: 128.602 Thread 0x000002a86d146000 Exception <a 'java/lang/NoSuchMethodError'{0x000000008f5bb300}: 'void java.lang.invoke.DirectMethodHandle$Holder.invokeSpecial(java.lang.Object, java.lang.Object, java.lang.Object, java.lang.Object, java.lang.Object, java.lang.Object, java.lang.Object, java.lang.Object, java.lang.Object)'> (0x000000008f5bb300) thrown at [./src/hotspot/share/interpreter/linkResolver.cpp, line 773]
Event: 128.633 Thread 0x000002a86d146000 Exception <a 'java/lang/NoSuchMethodError'{0x000000008f486718}: 'void java.lang.invoke.DirectMethodHandle$Holder.invokeStatic(java.lang.Object, java.lang.Object, java.lang.Object, java.lang.Object, java.lang.Object, java.lang.Object, java.lang.Object, java.lang.Object)'> (0x000000008f486718) thrown at [./src/hotspot/share/interpreter/linkResolver.cpp, line 773]
Event: 128.717 Thread 0x000002a86d146000 Exception <a 'java/lang/IncompatibleClassChangeError'{0x000000008f278640}: Found class java.lang.Object, but interface was expected> (0x000000008f278640) thrown at [./src/hotspot/share/interpreter/linkResolver.cpp, line 839]
Event: 128.750 Thread 0x000002a86d146000 Exception <a 'java/lang/NoSuchMethodError'{0x000000008f183c60}: 'void java.lang.invoke.DirectMethodHandle$Holder.invokeVirtual(java.lang.Object, java.lang.Object, int)'> (0x000000008f183c60) thrown at [./src/hotspot/share/interpreter/linkResolver.cpp, line 773]
Event: 128.784 Thread 0x000002a86d146000 Exception <a 'sun/nio/fs/WindowsException'{0x000000008f0101d0}> (0x000000008f0101d0) thrown at [./src/hotspot/share/prims/jni.cpp, line 615]
Event: 128.878 Thread 0x000002a86d13a000 Exception <a 'java/lang/NoSuchMethodError'{0x000000008ed31b60}: <clinit>> (0x000000008ed31b60) thrown at [./src/hotspot/share/prims/jni.cpp, line 1362]

Events (20 events):
Event: 128.882 loading class kotlin/collections/EmptyList
Event: 128.882 loading class kotlin/collections/EmptyList done
Event: 128.893 loading class com/android/build/gradle/internal/tasks/DexMergingTaskDelegate$Companion
Event: 128.893 loading class com/android/build/gradle/internal/tasks/DexMergingTaskDelegate$Companion done
Event: 128.897 loading class com/android/build/gradle/internal/tasks/DexMergingTaskDelegate$Companion$isDexFile$1
Event: 128.897 loading class com/android/build/gradle/internal/tasks/DexMergingTaskDelegate$Companion$isDexFile$1 done
Event: 128.900 loading class com/android/builder/dexing/DexUtilsKt$getSortedFilesInDir$2$1
Event: 128.900 loading class com/android/builder/dexing/DexUtilsKt$getSortedFilesInDir$2$1 done
Event: 128.901 loading class kotlin/streams/jdk8/StreamsKt
Event: 128.901 loading class kotlin/streams/jdk8/StreamsKt done
Event: 128.901 loading class kotlin/streams/jdk8/StreamsKt
Event: 128.901 loading class kotlin/streams/jdk8/StreamsKt done
Event: 128.902 loading class com/android/builder/dexing/DexUtilsKt$getSortedFilesInDir$2$2
Event: 128.902 loading class com/android/builder/dexing/DexUtilsKt$getSortedFilesInDir$2$2 done
Event: 128.911 loading class com/android/builder/dexing/DexEntry
Event: 128.911 loading class com/android/builder/dexing/DexEntry done
Event: 128.912 loading class com/android/builder/dexing/DexEntry$Companion
Event: 128.912 loading class com/android/builder/dexing/DexEntry$Companion done
Event: 128.913 loading class java/io/PushbackInputStream
Event: 128.914 loading class java/io/PushbackInputStream done


Dynamic libraries:
0x00007ff75cb60000 - 0x00007ff75cb6a000 	C:\Program Files\Android\Android Studio\jre\bin\java.exe
0x00007fffac8e0000 - 0x00007fffacad0000 	C:\windows\SYSTEM32\ntdll.dll
0x00007fffaab30000 - 0x00007fffaabe2000 	C:\windows\System32\KERNEL32.DLL
0x00007fffa9940000 - 0x00007fffa9be5000 	C:\windows\System32\KERNELBASE.dll
0x00007fffaa640000 - 0x00007fffaa73a000 	C:\windows\System32\ucrtbase.dll
0x00007fffa1420000 - 0x00007fffa1439000 	C:\Program Files\Android\Android Studio\jre\bin\jli.dll
0x00007fff95990000 - 0x00007fff959a7000 	C:\Program Files\Android\Android Studio\jre\bin\VCRUNTIME140.dll
0x00007fffaad30000 - 0x00007fffaaec4000 	C:\windows\System32\USER32.dll
0x00007fffaa770000 - 0x00007fffaa791000 	C:\windows\System32\win32u.dll
0x00007fffabf30000 - 0x00007fffabf56000 	C:\windows\System32\GDI32.dll
0x00007fffa9bf0000 - 0x00007fffa9d86000 	C:\windows\System32\gdi32full.dll
0x00007fffaa7a0000 - 0x00007fffaa83e000 	C:\windows\System32\msvcp_win.dll
0x00007fff8f2e0000 - 0x00007fff8f564000 	C:\windows\WinSxS\amd64_microsoft.windows.common-controls_6595b64144ccf1df_6.0.18362.1139_none_9e7bf2d3e4605ac6\COMCTL32.dll
0x00007fffac460000 - 0x00007fffac4fe000 	C:\windows\System32\msvcrt.dll
0x00007fffac560000 - 0x00007fffac895000 	C:\windows\System32\combase.dll
0x00007fffab130000 - 0x00007fffab250000 	C:\windows\System32\RPCRT4.dll
0x00007fffa9870000 - 0x00007fffa98f0000 	C:\windows\System32\bcryptPrimitives.dll
0x00007fffabf00000 - 0x00007fffabf2e000 	C:\windows\System32\IMM32.DLL
0x00007fffa84c0000 - 0x00007fffa851e000 	C:\windows\SYSTEM32\oleLoader.dll
0x00007fff8e3f0000 - 0x00007fff8e48d000 	C:\Program Files\Android\Android Studio\jre\bin\msvcp140.dll
0x00007fff55b50000 - 0x00007fff5661f000 	C:\Program Files\Android\Android Studio\jre\bin\server\jvm.dll
0x00007fffaaa80000 - 0x00007fffaab23000 	C:\windows\System32\ADVAPI32.dll
0x00007fffabc80000 - 0x00007fffabd17000 	C:\windows\System32\sechost.dll
0x00007fffab420000 - 0x00007fffab428000 	C:\windows\System32\PSAPI.DLL
0x00007fffa79f0000 - 0x00007fffa79fa000 	C:\windows\SYSTEM32\VERSION.dll
0x00007fffa68e0000 - 0x00007fffa6904000 	C:\windows\SYSTEM32\WINMM.dll
0x00007fff7dee0000 - 0x00007fff7dee9000 	C:\windows\SYSTEM32\WSOCK32.dll
0x00007fffaaa10000 - 0x00007fffaaa7f000 	C:\windows\System32\WS2_32.dll
0x00007fffa68b0000 - 0x00007fffa68dd000 	C:\windows\SYSTEM32\winmmbase.dll
0x00007fffa98f0000 - 0x00007fffa993a000 	C:\windows\System32\cfgmgr32.dll
0x00007fffa9800000 - 0x00007fffa9811000 	C:\windows\System32\kernel.appcore.dll
0x00007fff95a00000 - 0x00007fff95a11000 	C:\Program Files\Android\Android Studio\jre\bin\verify.dll
0x00007fffa7100000 - 0x00007fffa72f4000 	C:\windows\SYSTEM32\DBGHELP.DLL
0x00007fff89060000 - 0x00007fff8908a000 	C:\windows\SYSTEM32\dbgcore.DLL
0x00007fff93a20000 - 0x00007fff93a49000 	C:\Program Files\Android\Android Studio\jre\bin\java.dll
0x00007fff959f0000 - 0x00007fff959fb000 	C:\Program Files\Android\Android Studio\jre\bin\jimage.dll
0x00007fff8ed10000 - 0x00007fff8ed28000 	C:\Program Files\Android\Android Studio\jre\bin\zip.dll
0x00007fffab430000 - 0x00007fffabb17000 	C:\windows\System32\SHELL32.dll
0x00007fffabd80000 - 0x00007fffabe29000 	C:\windows\System32\shcore.dll
0x00007fffa9d90000 - 0x00007fffaa510000 	C:\windows\System32\windows.storage.dll
0x00007fffa97d0000 - 0x00007fffa97f3000 	C:\windows\System32\profapi.dll
0x00007fffa9820000 - 0x00007fffa986a000 	C:\windows\System32\powrprof.dll
0x00007fffa97a0000 - 0x00007fffa97b0000 	C:\windows\System32\UMPDC.dll
0x00007fffac400000 - 0x00007fffac452000 	C:\windows\System32\shlwapi.dll
0x00007fffaa570000 - 0x00007fffaa587000 	C:\windows\System32\cryptsp.dll
0x00007fff8ec60000 - 0x00007fff8ec7a000 	C:\Program Files\Android\Android Studio\jre\bin\net.dll
0x00007fffa3b40000 - 0x00007fffa3c30000 	C:\windows\SYSTEM32\WINHTTP.dll
0x00007fffa8ff0000 - 0x00007fffa9057000 	C:\windows\system32\mswsock.dll
0x00007fff8ec40000 - 0x00007fff8ec54000 	C:\Program Files\Android\Android Studio\jre\bin\nio.dll
0x00007fff60d50000 - 0x00007fff60e64000 	C:\UEBA\plugin\Com.Isearch.Func.Java\UEBAMonitorJava_x64.dll
0x00007fffa6ee0000 - 0x00007fffa6f79000 	C:\windows\system32\uxtheme.dll
0x0000000180000000 - 0x000000018004c000 	C:\windows\system32\oleshell1029.dll
0x00007fffab250000 - 0x00007fffab3a7000 	C:\windows\System32\ole32.dll
0x00007fff8e2e0000 - 0x00007fff8e2ec000 	C:\windows\system32\Secur32.dll
0x00007fff891e0000 - 0x00007fff896b5000 	C:\windows\system32\WININET.dll
0x00007fff8e240000 - 0x00007fff8e2c9000 	C:\windows\system32\WINSPOOL.DRV
0x00007fffaa740000 - 0x00007fffaa766000 	C:\windows\System32\bcrypt.dll
0x00007fffa8d00000 - 0x00007fffa8d3a000 	C:\windows\system32\IPHLPAPI.DLL
0x00007fffa9680000 - 0x00007fffa96b7000 	C:\windows\system32\SSPICLI.DLL
0x00007fffa7800000 - 0x00007fffa78f0000 	C:\windows\system32\PROPSYS.dll
0x00007fffabe30000 - 0x00007fffabef5000 	C:\windows\System32\OLEAUT32.dll
0x00007fff8e300000 - 0x00007fff8e327000 	C:\Users\a84203565\.gradle\native\8bec1ad78214c89d9ad589b4d07fe93259594b29d510b10fafb7a158f7737e5d\windows-amd64\native-platform.dll
0x00007fff56880000 - 0x00007fff569bd000 	C:\Users\a84203565\.gradle\native\53dbd7edfb1c66fb8903c78663c9afc45aea4f116125fa6feffd364cf09443e8\windows-amd64\native-platform-file-events.dll
0x00007fff959e0000 - 0x00007fff959ea000 	C:\Program Files\Android\Android Studio\jre\bin\management.dll
0x00007fff94050000 - 0x00007fff9405c000 	C:\Program Files\Android\Android Studio\jre\bin\management_ext.dll
0x00007fffa8b60000 - 0x00007fffa8b93000 	C:\windows\system32\rsaenh.dll
0x00007fffa96c0000 - 0x00007fffa96e5000 	C:\windows\SYSTEM32\USERENV.dll
0x00007fffa91c0000 - 0x00007fffa91cc000 	C:\windows\SYSTEM32\CRYPTBASE.dll
0x00007fffac3d0000 - 0x00007fffac3d8000 	C:\windows\System32\NSI.dll
0x00007fffa4ae0000 - 0x00007fffa4af6000 	C:\windows\SYSTEM32\dhcpcsvc6.DLL
0x00007fffa3d60000 - 0x00007fffa3d7c000 	C:\windows\SYSTEM32\dhcpcsvc.DLL
0x00007fffa8d50000 - 0x00007fffa8e1b000 	C:\windows\SYSTEM32\DNSAPI.dll
0x0000000051100000 - 0x0000000051126000 	C:\Program Files\Bonjour\mdnsNSP.dll
0x00007fffa22c0000 - 0x00007fffa22ca000 	C:\Windows\System32\rasadhlp.dll
0x00007fff956b0000 - 0x00007fff956ce000 	C:\Users\a84203565\AppData\Local\Temp\native-platform384598305909877921dir\native-platform.dll
0x00007fffa5390000 - 0x00007fffa5407000 	C:\windows\System32\fwpuclnt.dll
0x00007fffa6e00000 - 0x00007fffa6e08000 	C:\Program Files\Android\Android Studio\jre\bin\rmi.dll

dbghelp: loaded successfully - version: 4.0.5 - missing functions: none
symbol engine: initialized successfully - sym options: 0x614 - pdb path: .;C:\Program Files\Android\Android Studio\jre\bin;C:\windows\SYSTEM32;C:\windows\WinSxS\amd64_microsoft.windows.common-controls_6595b64144ccf1df_6.0.18362.1139_none_9e7bf2d3e4605ac6;C:\Program Files\Android\Android Studio\jre\bin\server;C:\UEBA\plugin\Com.Isearch.Func.Java;C:\Users\a84203565\.gradle\native\8bec1ad78214c89d9ad589b4d07fe93259594b29d510b10fafb7a158f7737e5d\windows-amd64;C:\Users\a84203565\.gradle\native\53dbd7edfb1c66fb8903c78663c9afc45aea4f116125fa6feffd364cf09443e8\windows-amd64;C:\Program Files\Bonjour;C:\Users\a84203565\AppData\Local\Temp\native-platform384598305909877921dir

VM Arguments:
jvm_args: --add-opens=java.base/java.util=ALL-UNNAMED --add-opens=java.base/java.lang=ALL-UNNAMED --add-opens=java.base/java.lang.invoke=ALL-UNNAMED --add-opens=java.base/java.util=ALL-UNNAMED --add-opens=java.prefs/java.util.prefs=ALL-UNNAMED --add-opens=java.prefs/java.util.prefs=ALL-UNNAMED --add-opens=java.base/java.nio.charset=ALL-UNNAMED --add-opens=java.base/java.net=ALL-UNNAMED --add-opens=java.base/java.util.concurrent.atomic=ALL-UNNAMED -Xmx2048m -Dfile.encoding=UTF-8 -Duser.country=US -Duser.language=en -Duser.variant 
java_command: org.gradle.launcher.daemon.bootstrap.GradleDaemon 7.0.2
java_class_path (initial): C:\Users\a84203565\.gradle\wrapper\dists\gradle-7.0.2-bin\857tjihv64xamwrf0h14cai3r\gradle-7.0.2\lib\gradle-launcher-7.0.2.jar
Launcher Type: SUN_STANDARD

[Global flags]
     intx CICompilerCount                          = 4                                         {product} {ergonomic}
     uint ConcGCThreads                            = 2                                         {product} {ergonomic}
     uint G1ConcRefinementThreads                  = 8                                         {product} {ergonomic}
   size_t G1HeapRegionSize                         = 1048576                                   {product} {ergonomic}
    uintx GCDrainStackTargetSize                   = 64                                        {product} {ergonomic}
   size_t InitialHeapSize                          = 266338304                                 {product} {ergonomic}
   size_t MarkStackSize                            = 4194304                                   {product} {ergonomic}
   size_t MaxHeapSize                              = 2147483648                                {product} {command line}
   size_t MaxNewSize                               = 1287651328                                {product} {ergonomic}
   size_t MinHeapDeltaBytes                        = 1048576                                   {product} {ergonomic}
    uintx NonNMethodCodeHeapSize                   = 5836300                                {pd product} {ergonomic}
    uintx NonProfiledCodeHeapSize                  = 122910970                              {pd product} {ergonomic}
    uintx ProfiledCodeHeapSize                     = 122910970                              {pd product} {ergonomic}
    uintx ReservedCodeCacheSize                    = 251658240                              {pd product} {ergonomic}
     bool SegmentedCodeCache                       = true                                      {product} {ergonomic}
     bool UseCompressedClassPointers               = true                                 {lp64_product} {ergonomic}
     bool UseCompressedOops                        = true                                 {lp64_product} {ergonomic}
     bool UseG1GC                                  = true                                      {product} {ergonomic}
     bool UseLargePagesIndividualAllocation        = false                                  {pd product} {ergonomic}

Logging:
Log output configuration:
 #0: stdout all=warning uptime,level,tags
 #1: stderr all=off uptime,level,tags

Environment Variables:
PATH=C:\Python39\Scripts\;C:\Python39\;C:\windows;C:\windows\system32;C:\windows\System32\Wbem;C:\windows\System32\WindowsPowerShell\v1.0;C:\Windows;C:\Windows\system32;C:\Windows\System32\Wbem;C:\Windows\System32\WindowsPowerShell\v1.0;C:\windows\System32\WindowsPowerShell\v1.0\;C:\windows\System32\OpenSSH\;C:\Program Files\Git\cmd;C:\Users\a00559778\AppData\Local\Android\Sdk\platform-tools;C:\ProgramData\chocolatey\bin;C:\Users\a84203565\AppData\Local\Microsoft\WindowsApps;;C:\Program Files\Huawei\DevEco Studio 3.0.1.822\bin;
USERNAME=a84203565
OS=Windows_NT
PROCESSOR_IDENTIFIER=Intel64 Family 6 Model 142 Stepping 12, GenuineIntel



---------------  S Y S T E M  ---------------

OS: Windows 10 , 64 bit Build 18362 (10.0.18362.1110)
OS uptime: 5 days 6:46 hours

CPU:total 8 (initial active 8) (4 cores per cpu, 2 threads per core) family 6 model 142 stepping 12 microcode 0xb8, cmov, cx8, fxsr, mmx, sse, sse2, sse3, ssse3, sse4.1, sse4.2, popcnt, avx, avx2, aes, clmul, erms, 3dnowpref, lzcnt, ht, tsc, tscinvbit, bmi1, bmi2, adx, fma

Memory: 4k page, system-wide physical 16156M (1924M free)
TotalPageFile size 16156M (AvailPageFile size 5M)
current process WorkingSet (physical memory assigned to process): 587M, peak: 587M
current process commit charge ("private bytes"): 629M, peak: 631M

vm_info: OpenJDK 64-Bit Server VM (11.0.10+0-b96-7249189) for windows-amd64 JRE (11.0.10+0-b96-7249189), built on Mar 31 2021 21:44:00 by "builder" with MS VC++ 14.0 (VS2015)

END.
