#
# There is insufficient memory for the Java Runtime Environment to continue.
# Native memory allocation (mmap) failed to map 266338304 bytes for Failed to commit area from 0x0000000703800000 to 0x0000000713600000 of length 266338304.
# Possible reasons:
#   The system is out of physical RAM or swap space
#   The process is running with CompressedOops enabled, and the Java Heap may be blocking the growth of the native heap
# Possible solutions:
#   Reduce memory load on the system
#   Increase physical memory or swap space
#   Check if swap backing store is full
#   Decrease Java heap size (-Xmx/-Xms)
#   Decrease number of Java threads
#   Decrease Java thread stack sizes (-Xss)
#   Set larger code cache with -XX:ReservedCodeCacheSize=
# This output file may be truncated or incomplete.
#
#  Out of Memory Error (./src/hotspot/os/windows/os_windows.cpp:3301), pid=76196, tid=74544
#
# JRE version:  (11.0.10) (build )
# Java VM: OpenJDK 64-Bit Server VM (11.0.10+0-b96-7249189, mixed mode, sharing, tiered, compressed oops, g1 gc, windows-amd64)
# No core dump will be written. Minidumps are not enabled by default on client versions of Windows
#

---------------  S U M M A R Y ------------

Command Line: org.jetbrains.kotlin.cli.jvm.K2JVMCompiler @C:\Users\a84203565\AndroidStudioProjects\AudioEditorKitCustomDemo\app\build\20220404_13362157966911379196.compiler.options

Host: Intel(R) Core(TM) i7-8565U CPU @ 1.80GHz, 8 cores, 15G,  Windows 10 , 64 bit Build 18362 (10.0.18362.1110)
Time: Mon Apr  4 22:38:29 2022 Turkey Standard Time elapsed time: 0.011708 seconds (0d 0h 0m 0s)

---------------  T H R E A D  ---------------

Current thread (0x00000244a0be6000):  JavaThread "Unknown thread" [_thread_in_vm, id=74544, stack(0x000000f07a600000,0x000000f07a700000)]

Stack: [0x000000f07a600000,0x000000f07a700000]
Native frames: (J=compiled Java code, j=interpreted, Vv=VM code, C=native code)
V  [jvm.dll+0x5ecfaa]
V  [jvm.dll+0x722bd5]
V  [jvm.dll+0x72412d]
V  [jvm.dll+0x7247e3]
V  [jvm.dll+0x242928]
V  [jvm.dll+0x5ea374]
V  [jvm.dll+0x5df425]
V  [jvm.dll+0x2fdebb]
V  [jvm.dll+0x2fde2a]
V  [jvm.dll+0x2fdd02]
V  [jvm.dll+0x302bf6]
V  [jvm.dll+0x34b2a3]
V  [jvm.dll+0x34b9a6]
V  [jvm.dll+0x34b3a3]
V  [jvm.dll+0x2d8888]
V  [jvm.dll+0x2d9a37]
V  [jvm.dll+0x701737]
V  [jvm.dll+0x702f2c]
V  [jvm.dll+0x3587d9]
V  [jvm.dll+0x6e4fae]
V  [jvm.dll+0x3c0be3]
V  [jvm.dll+0x3c2e91]
C  [jli.dll+0x5373]
C  [ucrtbase.dll+0x210b2]
C  [KERNEL32.DLL+0x17c24]
C  [ntdll.dll+0x6cea1]


---------------  P R O C E S S  ---------------

Threads class SMR info:
_java_thread_list=0x000002449e9f6770, length=0, elements={
}

Java Threads: ( => current thread )

Other Threads:
  0x00000244a0bfc800 GCTaskThread "GC Thread#0" [stack: 0x000000f07a700000,0x000000f07a800000] [id=76244]
  0x00000244a0c5f000 ConcurrentGCThread "G1 Main Marker" [stack: 0x000000f07a800000,0x000000f07a900000] [id=69140]
  0x00000244a0c60800 ConcurrentGCThread "G1 Conc#0" [stack: 0x000000f07a900000,0x000000f07aa00000] [id=72940]

[error occurred during error reporting (printing all threads), id 0xc0000005, EXCEPTION_ACCESS_VIOLATION (0xc0000005) at pc=0x00007fff55e39107]

VM state:not at safepoint (not fully initialized)

VM Mutex/Monitor currently owned by a thread:  ([mutex/lock_event])
[0x00000244a0be2e80] Heap_lock - owner thread: 0x00000244a0be6000

Heap address: 0x0000000703800000, size: 4040 MB, Compressed Oops mode: Non-zero based: 0x0000000703800000
Narrow klass base: 0x0000000000000000, Narrow klass shift: 0

GC Heap History (0 events):
No events

Deoptimization events (0 events):
No events

Classes redefined (0 events):
No events

Internal exceptions (0 events):
No events

Events (1 events):
Event: 0.008 Loaded shared library C:\Program Files\Android\Android Studio\jre\bin\zip.dll


Dynamic libraries:
0x00007ff75cb60000 - 0x00007ff75cb6a000 	C:\Program Files\Android\Android Studio\jre\bin\java.exe
0x00007fffac8e0000 - 0x00007fffacad0000 	C:\windows\SYSTEM32\ntdll.dll
0x00007fffaab30000 - 0x00007fffaabe2000 	C:\windows\System32\KERNEL32.DLL
0x00007fffa9940000 - 0x00007fffa9be5000 	C:\windows\System32\KERNELBASE.dll
0x00007fffaa640000 - 0x00007fffaa73a000 	C:\windows\System32\ucrtbase.dll
0x00007fffa1420000 - 0x00007fffa1439000 	C:\Program Files\Android\Android Studio\jre\bin\jli.dll
0x00007fff95990000 - 0x00007fff959a7000 	C:\Program Files\Android\Android Studio\jre\bin\VCRUNTIME140.dll
0x00007fffaad30000 - 0x00007fffaaec4000 	C:\windows\System32\USER32.dll
0x00007fffaa770000 - 0x00007fffaa791000 	C:\windows\System32\win32u.dll
0x00007fffabf30000 - 0x00007fffabf56000 	C:\windows\System32\GDI32.dll
0x00007fffa9bf0000 - 0x00007fffa9d86000 	C:\windows\System32\gdi32full.dll
0x00007fffaa7a0000 - 0x00007fffaa83e000 	C:\windows\System32\msvcp_win.dll
0x00007fff8f2e0000 - 0x00007fff8f564000 	C:\windows\WinSxS\amd64_microsoft.windows.common-controls_6595b64144ccf1df_6.0.18362.1139_none_9e7bf2d3e4605ac6\COMCTL32.dll
0x00007fffac460000 - 0x00007fffac4fe000 	C:\windows\System32\msvcrt.dll
0x00007fffac560000 - 0x00007fffac895000 	C:\windows\System32\combase.dll
0x00007fffab130000 - 0x00007fffab250000 	C:\windows\System32\RPCRT4.dll
0x00007fffa9870000 - 0x00007fffa98f0000 	C:\windows\System32\bcryptPrimitives.dll
0x00007fffabf00000 - 0x00007fffabf2e000 	C:\windows\System32\IMM32.DLL
0x00007fffa84c0000 - 0x00007fffa851e000 	C:\windows\SYSTEM32\oleLoader.dll
0x00007fff8e3f0000 - 0x00007fff8e48d000 	C:\Program Files\Android\Android Studio\jre\bin\msvcp140.dll
0x00007fff55b50000 - 0x00007fff5661f000 	C:\Program Files\Android\Android Studio\jre\bin\server\jvm.dll
0x00007fffaaa80000 - 0x00007fffaab23000 	C:\windows\System32\ADVAPI32.dll
0x00007fffabc80000 - 0x00007fffabd17000 	C:\windows\System32\sechost.dll
0x00007fffab420000 - 0x00007fffab428000 	C:\windows\System32\PSAPI.DLL
0x00007fff7dee0000 - 0x00007fff7dee9000 	C:\windows\SYSTEM32\WSOCK32.dll
0x00007fffaaa10000 - 0x00007fffaaa7f000 	C:\windows\System32\WS2_32.dll
0x00007fffa68e0000 - 0x00007fffa6904000 	C:\windows\SYSTEM32\WINMM.dll
0x00007fffa79f0000 - 0x00007fffa79fa000 	C:\windows\SYSTEM32\VERSION.dll
0x00007fffa68b0000 - 0x00007fffa68dd000 	C:\windows\SYSTEM32\winmmbase.dll
0x00007fffa98f0000 - 0x00007fffa993a000 	C:\windows\System32\cfgmgr32.dll
0x00007fffa9800000 - 0x00007fffa9811000 	C:\windows\System32\kernel.appcore.dll
0x00007fff95a00000 - 0x00007fff95a11000 	C:\Program Files\Android\Android Studio\jre\bin\verify.dll
0x00007fffa7100000 - 0x00007fffa72f4000 	C:\windows\SYSTEM32\DBGHELP.DLL
0x00007fff89060000 - 0x00007fff8908a000 	C:\windows\SYSTEM32\dbgcore.DLL
0x00007fff93a20000 - 0x00007fff93a49000 	C:\Program Files\Android\Android Studio\jre\bin\java.dll
0x00007fff959f0000 - 0x00007fff959fb000 	C:\Program Files\Android\Android Studio\jre\bin\jimage.dll
0x00007fff8ed10000 - 0x00007fff8ed28000 	C:\Program Files\Android\Android Studio\jre\bin\zip.dll

dbghelp: loaded successfully - version: 4.0.5 - missing functions: none
symbol engine: initialized successfully - sym options: 0x614 - pdb path: .;C:\Program Files\Android\Android Studio\jre\bin;C:\windows\SYSTEM32;C:\windows\WinSxS\amd64_microsoft.windows.common-controls_6595b64144ccf1df_6.0.18362.1139_none_9e7bf2d3e4605ac6;C:\Program Files\Android\Android Studio\jre\bin\server

VM Arguments:
java_command: org.jetbrains.kotlin.cli.jvm.K2JVMCompiler @C:\Users\a84203565\AndroidStudioProjects\AudioEditorKitCustomDemo\app\build\20220404_13362157966911379196.compiler.options
java_class_path (initial): C:\Users\a84203565\.gradle\caches\modules-2\files-2.1\org.jetbrains.kotlin\kotlin-compiler-embeddable\1.5.31\cc18c29253541dc57c25c3ef514d63c7953ae1a6\kotlin-compiler-embeddable-1.5.31.jar;C:\Users\a84203565\.gradle\caches\modules-2\files-2.1\org.jetbrains.kotlin\kotlin-reflect\1.5.31\1523fcd842a47da0820cea772b19c51056fec8a9\kotlin-reflect-1.5.31.jar;C:\Users\a84203565\.gradle\caches\modules-2\files-2.1\org.jetbrains.kotlin\kotlin-stdlib\1.5.31\6628d61d0f5603568e72d2d5915d2c034b4f1c55\kotlin-stdlib-1.5.31.jar;C:\Users\a84203565\.gradle\caches\modules-2\files-2.1\org.jetbrains.kotlin\kotlin-script-runtime\1.5.31\aaea854be2cfc06373dfc11be5a6ba9ca5ca84a6\kotlin-script-runtime-1.5.31.jar;C:\Users\a84203565\.gradle\caches\modules-2\files-2.1\org.jetbrains.kotlin\kotlin-daemon-embeddable\1.5.31\d19b549661e28c62781683dc7c7e34bf416974f1\kotlin-daemon-embeddable-1.5.31.jar;C:\Users\a84203565\.gradle\caches\modules-2\files-2.1\org.jetbrains.intellij.deps\trove4j\1.0.20181211\216c2e14b070f334479d800987affe4054cd563f\trove4j-1.0.20181211.jar;C:\Users\a84203565\.gradle\caches\modules-2\files-2.1\org.jetbrains\annotations\13.0\919f0dfe192fb4e063e7dacadee7f8bb9a2672a9\annotations-13.0.jar;C:\Users\a84203565\.gradle\caches\modules-2\files-2.1\org.jetbrains.kotlin\kotlin-stdlib-common\1.5.31\43331609c7de811fed085e0dfd150874b157c32\kotlin-stdlib-common-1.5.31.jar
Launcher Type: SUN_STANDARD

[Global flags]
     intx CICompilerCount                          = 4                                         {product} {ergonomic}
     uint ConcGCThreads                            = 2                                         {product} {ergonomic}
     uint G1ConcRefinementThreads                  = 8                                         {product} {ergonomic}
   size_t G1HeapRegionSize                         = 1048576                                   {product} {ergonomic}
    uintx GCDrainStackTargetSize                   = 64                                        {product} {ergonomic}
   size_t InitialHeapSize                          = 266338304                                 {product} {ergonomic}
   size_t MarkStackSize                            = 4194304                                   {product} {ergonomic}
   size_t MaxHeapSize                              = 4236247040                                {product} {ergonomic}
   size_t MinHeapDeltaBytes                        = 1048576                                   {product} {ergonomic}
    uintx NonNMethodCodeHeapSize                   = 5836300                                {pd product} {ergonomic}
    uintx NonProfiledCodeHeapSize                  = 122910970                              {pd product} {ergonomic}
    uintx ProfiledCodeHeapSize                     = 122910970                              {pd product} {ergonomic}
    uintx ReservedCodeCacheSize                    = 251658240                              {pd product} {ergonomic}
     bool SegmentedCodeCache                       = true                                      {product} {ergonomic}
     bool UseCompressedClassPointers               = true                                 {lp64_product} {ergonomic}
     bool UseCompressedOops                        = true                                 {lp64_product} {ergonomic}
     bool UseG1GC                                  = true                                      {product} {ergonomic}
     bool UseLargePagesIndividualAllocation        = false                                  {pd product} {ergonomic}

Logging:
Log output configuration:
 #0: stdout all=warning uptime,level,tags
 #1: stderr all=off uptime,level,tags

Environment Variables:
PATH=C:\Python39\Scripts\;C:\Python39\;C:\windows;C:\windows\system32;C:\windows\System32\Wbem;C:\windows\System32\WindowsPowerShell\v1.0;C:\Windows;C:\Windows\system32;C:\Windows\System32\Wbem;C:\Windows\System32\WindowsPowerShell\v1.0;C:\windows\System32\WindowsPowerShell\v1.0\;C:\windows\System32\OpenSSH\;C:\Program Files\Git\cmd;C:\Users\a00559778\AppData\Local\Android\Sdk\platform-tools;C:\ProgramData\chocolatey\bin;C:\Users\a84203565\AppData\Local\Microsoft\WindowsApps;;C:\Program Files\Huawei\DevEco Studio 3.0.1.822\bin;
USERNAME=a84203565
OS=Windows_NT
PROCESSOR_IDENTIFIER=Intel64 Family 6 Model 142 Stepping 12, GenuineIntel



---------------  S Y S T E M  ---------------

OS: Windows 10 , 64 bit Build 18362 (10.0.18362.1110)
OS uptime: 5 days 6:45 hours

CPU:total 8 (initial active 8) (4 cores per cpu, 2 threads per core) family 6 model 142 stepping 12 microcode 0xb8, cmov, cx8, fxsr, mmx, sse, sse2, sse3, ssse3, sse4.1, sse4.2, popcnt, avx, avx2, aes, clmul, erms, 3dnowpref, lzcnt, ht, tsc, tscinvbit, bmi1, bmi2, adx, fma

Memory: 4k page, system-wide physical 16156M (2002M free)
TotalPageFile size 16156M (AvailPageFile size 139M)
current process WorkingSet (physical memory assigned to process): 10M, peak: 10M
current process commit charge ("private bytes"): 60M, peak: 314M

vm_info: OpenJDK 64-Bit Server VM (11.0.10+0-b96-7249189) for windows-amd64 JRE (11.0.10+0-b96-7249189), built on Mar 31 2021 21:44:00 by "builder" with MS VC++ 14.0 (VS2015)

END.
